  Stdafx.cpp
C:\Program Files (x86)\Microsoft Visual Studio 14.0\VC\atlmfc\include\atlplus.h(26): warning C4467: 已弃用 ATL 属性的使用情况
d:\qijianban\laok\服务端\游戏组件\开发库\include\AndroidUserItem.h(235): warning C4244: “return”: 从“WORD”转换到“BYTE”，可能丢失数据
d:\qijianban\laok\服务端\游戏组件\开发库\include\Core/UIManager.h(45): warning C4091: “typedef ”: 没有声明变量时忽略“EVENTTYPE_UI”的左侧
  AndroidService.cpp
  AndroidServiceManager.cpp
  AndroidUserItemSink.cpp
AndroidUserItemSink.cpp(725): warning C4244: “=”: 从“LONGLONG”转换到“int”，可能丢失数据
AndroidUserItemSink.cpp(726): warning C4244: “=”: 从“LONGLONG”转换到“int”，可能丢失数据
AndroidUserItemSink.cpp(743): warning C4244: “=”: 从“LONGLONG”转换到“int”，可能丢失数据
AndroidUserItemSink.cpp(746): warning C4244: “=”: 从“LONGLONG”转换到“int”，可能丢失数据
AndroidUserItemSink.cpp(747): warning C4244: “=”: 从“LONGLONG”转换到“int”，可能丢失数据
AndroidUserItemSink.cpp(750): warning C4244: “=”: 从“LONGLONG”转换到“int”，可能丢失数据
AndroidUserItemSink.cpp(753): warning C4244: “=”: 从“LONGLONG”转换到“int”，可能丢失数据
AndroidUserItemSink.cpp(769): warning C4244: “=”: 从“LONGLONG”转换到“int”，可能丢失数据
  正在生成代码...
    正在创建库 ../../../../运行/Release/Unicode/BaccaratNewAndroid.lib 和对象 ../../../../运行/Release/Unicode/BaccaratNewAndroid.exp
BaccaratNewAndroid.exp : warning LNK4070: .EXP 中的 /OUT:AndroidService.dll 指令与输出文件名“../../../../运行/Release/Unicode/BaccaratNewAndroid.dll”不同；忽略指令
  AndroidService.vcxproj -> D:\qijianban\laok\服务端\游戏组件\老K子游戏\新百家乐\机器人服务\../../../../运行/Release/Unicode/BaccaratNewAndroid.dll
  AndroidService.vcxproj -> ../../../../运行/Release/Unicode/BaccaratNewAndroid.pdb (Full PDB)
  子目录或文件 ..\..\..\发布组件\服务器组件\Release\Unicode\ 已经存在。
  已复制         1 个文件。
