生成启动时间为 2020/11/2 5:04:34。
     1>项目“D:\BaiduNetdiskDownload\藏宝库新大联盟\server\系统模块\服务器组件\日志服务器\LogServer.vcxproj”在节点 2 上(Build 个目标)。
     1>ClCompile:
         C:\Program Files (x86)\Microsoft Visual Studio 12.0\VC\bin\CL.exe /c /Zi /nologo /W3 /WX- /Od /Oy- /D WIN32 /D _WINDOWS /D NDEBUG /D _UNICODE /D _UNICODE /D UNICODE /D _AFXDLL /Gm- /EHsc /MD /GS /fp:precise /Zc:wchar_t /Zc:forScope /Yc"stdafx.h" /Fp"../../../中间目录/日志服务器/Release_Unicode/LogServer.pch" /Fo"../../../中间目录/日志服务器/Release_Unicode/" /Fd"../../../中间目录/日志服务器/Release_Unicode/vc120.pdb" /Gd /TP /analyze- /errorReport:prompt /D"_CRT_SECURE_NO_WARNINGS" Stdafx.cpp
         Stdafx.cpp
     1>d:\baidunetdiskdownload\藏宝库新大联盟\server\系统模块\服务器组件\游戏服务\AndroidUserItem.h(235): warning C4244: “return”: 从“WORD”转换到“BYTE”，可能丢失数据
         C:\Program Files (x86)\Microsoft Visual Studio 12.0\VC\bin\CL.exe /c /Zi /nologo /W3 /WX- /Od /Oy- /D WIN32 /D _WINDOWS /D NDEBUG /D _UNICODE /D _UNICODE /D UNICODE /D _AFXDLL /Gm- /EHsc /MD /GS /fp:precise /Zc:wchar_t /Zc:forScope /Yu"stdafx.h" /Fp"../../../中间目录/日志服务器/Release_Unicode/LogServer.pch" /Fo"../../../中间目录/日志服务器/Release_Unicode/" /Fd"../../../中间目录/日志服务器/Release_Unicode/vc120.pdb" /Gd /TP /analyze- /errorReport:prompt /D"_CRT_SECURE_NO_WARNINGS" AttemperEngineSink.cpp LogServer.cpp LogServerServerDlg.cpp GlobalInfoManager.cpp InitParameter.cpp ServiceUnits.cpp
         AttemperEngineSink.cpp
     1>AttemperEngineSink.cpp(76): warning C4018: “<”: 有符号/无符号不匹配
     1>AttemperEngineSink.cpp(224): warning C4018: “<”: 有符号/无符号不匹配
     1>AttemperEngineSink.cpp(334): warning C4018: “<”: 有符号/无符号不匹配
         LogServer.cpp
         LogServerServerDlg.cpp
         GlobalInfoManager.cpp
         InitParameter.cpp
         ServiceUnits.cpp
         正在生成代码...
       ResourceCompile:
         C:\Program Files (x86)\Windows Kits\8.1\bin\x86\rc.exe /D NDEBUG /D _UNICODE /D UNICODE /D _AFXDLL /l"0x0804" /I"../../../中间目录/日志服务器/Release_Unicode/" /nologo /fo"../../../中间目录/日志服务器/Release_Unicode/LogServer.res" LogServer.rc 
       Link:
         C:\Program Files (x86)\Microsoft Visual Studio 12.0\VC\bin\link.exe /ERRORREPORT:PROMPT /OUT:"../../../运行/Release/Unicode/LogServer.exe" /INCREMENTAL:NO /NOLOGO /MANIFEST /MANIFESTUAC:"level='asInvoker' uiAccess='false'" /manifest:embed /manifestinput:"C:\Program Files (x86)\Microsoft Visual Studio 12.0\VC\Include\Manifest\dpiaware.manifest" /DEBUG /PDB:"../../../中间目录/协调服务器/Release_Unicode/LogServer.pdb" /MAP /SUBSYSTEM:WINDOWS /OPT:REF /OPT:ICF /TLBID:1 /ENTRY:"wWinMainCRTStartup" /DYNAMICBASE /NXCOMPAT /IMPLIB:"../../../运行/Release/Unicode/LogServer.lib" /MACHINE:X86 /SAFESEH "../../../中间目录/日志服务器/Release_Unicode/LogServer.res"
         "../../../中间目录/日志服务器/Release_Unicode/AttemperEngineSink.obj"
         "../../../中间目录/日志服务器/Release_Unicode/LogServer.obj"
         "../../../中间目录/日志服务器/Release_Unicode/LogServerServerDlg.obj"
         "../../../中间目录/日志服务器/Release_Unicode/GlobalInfoManager.obj"
         "../../../中间目录/日志服务器/Release_Unicode/InitParameter.obj"
         "../../../中间目录/日志服务器/Release_Unicode/ServiceUnits.obj"
         "../../../中间目录/日志服务器/Release_Unicode/Stdafx.obj"
         LogServer.vcxproj -> D:\BaiduNetdiskDownload\藏宝库新大联盟\server\系统模块\服务器组件\日志服务器\../../../运行/Release/Unicode/LogServer.exe
       PostBuildEvent:
         mkdir ..\..\..\发布组件\服务器组件\Release\Unicode
         copy /y ..\..\..\运行\Release\Unicode\LogServer.exe ..\..\..\发布组件\服务器组件\Release\Unicode\LogServer.exe
         
         :VCEnd
         子目录或文件 ..\..\..\发布组件\服务器组件\Release\Unicode 已经存在。
         已复制         1 个文件。
     1>已完成生成项目“D:\BaiduNetdiskDownload\藏宝库新大联盟\server\系统模块\服务器组件\日志服务器\LogServer.vcxproj”(Build 个目标)的操作。

生成成功。

已用时间 00:00:06.56
