e:\laok\服务端\中间目录\协调服务器\release_unicode\correspond.pch
e:\laok\服务端\中间目录\协调服务器\release_unicode\vc140.pdb
e:\laok\服务端\中间目录\协调服务器\release_unicode\stdafx.obj
e:\laok\服务端\中间目录\协调服务器\release_unicode\serviceunits.obj
e:\laok\服务端\中间目录\协调服务器\release_unicode\initparameter.obj
e:\laok\服务端\中间目录\协调服务器\release_unicode\globalinfomanager.obj
e:\laok\服务端\中间目录\协调服务器\release_unicode\correspondserverdlg.obj
e:\laok\服务端\中间目录\协调服务器\release_unicode\correspondserver.obj
e:\laok\服务端\中间目录\协调服务器\release_unicode\attemperenginesink.obj
e:\laok\服务端\运行\release\unicode\correspond.exe
e:\laok\服务端\中间目录\协调服务器\release_unicode\correspond.pdb
e:\laok\服务端\中间目录\协调服务器\release_unicode\correspond.res
d:\qijianban\laok\服务端\中间目录\协调服务器\release_unicode\msado15.tli
d:\qijianban\laok\服务端\中间目录\协调服务器\release_unicode\msado15.tlh
d:\qijianban\laok\服务端\中间目录\协调服务器\release_unicode\correspond.res
d:\qijianban\laok\服务端\系统模块\服务器组件\协调服务器\../../../运行/release/unicode/correspond.exe
d:\qijianban\laok\服务端\中间目录\协调服务器\release_unicode\协调服务器.tlog\cl.command.1.tlog
d:\qijianban\laok\服务端\中间目录\协调服务器\release_unicode\协调服务器.tlog\cl.read.1.tlog
d:\qijianban\laok\服务端\中间目录\协调服务器\release_unicode\协调服务器.tlog\cl.write.1.tlog
d:\qijianban\laok\服务端\中间目录\协调服务器\release_unicode\协调服务器.tlog\link.command.1.tlog
d:\qijianban\laok\服务端\中间目录\协调服务器\release_unicode\协调服务器.tlog\link.read.1.tlog
d:\qijianban\laok\服务端\中间目录\协调服务器\release_unicode\协调服务器.tlog\link.write.1.tlog
d:\qijianban\laok\服务端\中间目录\协调服务器\release_unicode\协调服务器.tlog\rc.command.1.tlog
d:\qijianban\laok\服务端\中间目录\协调服务器\release_unicode\协调服务器.tlog\rc.read.1.tlog
d:\qijianban\laok\服务端\中间目录\协调服务器\release_unicode\协调服务器.tlog\rc.write.1.tlog
