g:\svn\dlm\服务端\中间目录\游戏组件\百人牛牛\游戏ai\release_unicode\oxbattleandroid.pch
g:\svn\dlm\服务端\中间目录\游戏组件\百人牛牛\游戏ai\release_unicode\vc140.pdb
g:\svn\dlm\服务端\中间目录\游戏组件\百人牛牛\游戏ai\release_unicode\stdafx.obj
g:\svn\dlm\服务端\中间目录\游戏组件\百人牛牛\游戏ai\release_unicode\androiduseritemsink.obj
g:\svn\dlm\服务端\中间目录\游戏组件\百人牛牛\游戏ai\release_unicode\androidservice.obj
g:\svn\dlm\服务端\中间目录\游戏组件\百人牛牛\游戏ai\release_unicode\gamelogic.obj
g:\svn\dlm\服务端\运行\release\unicode\oxbattleandroid.dll
g:\svn\dlm\服务端\运行\release\unicode\oxbattleandroid.pdb
g:\svn\dlm\服务端\中间目录\游戏组件\百人牛牛\游戏ai\release_unicode\androidservice.res
g:\svn\dlm\服务端\运行\release\unicode\oxbattleandroid.lib
g:\svn\dlm\服务端\运行\release\unicode\oxbattleandroid.exp
d:\qijianban\laok\服务端\中间目录\游戏组件\百人牛牛\游戏ai\release_unicode\flash.tli
d:\qijianban\laok\服务端\中间目录\游戏组件\百人牛牛\游戏ai\release_unicode\msado15.tli
d:\qijianban\laok\服务端\中间目录\游戏组件\百人牛牛\游戏ai\release_unicode\flash.tlh
d:\qijianban\laok\服务端\中间目录\游戏组件\百人牛牛\游戏ai\release_unicode\msado15.tlh
d:\qijianban\laok\服务端\中间目录\游戏组件\百人牛牛\游戏ai\release_unicode\androidservice.res
d:\qijianban\laok\服务端\中间目录\游戏组件\百人牛牛\游戏ai\release_unicode\游戏ai.tlog\cl.command.1.tlog
d:\qijianban\laok\服务端\中间目录\游戏组件\百人牛牛\游戏ai\release_unicode\游戏ai.tlog\cl.read.1.tlog
d:\qijianban\laok\服务端\中间目录\游戏组件\百人牛牛\游戏ai\release_unicode\游戏ai.tlog\cl.write.1.tlog
d:\qijianban\laok\服务端\中间目录\游戏组件\百人牛牛\游戏ai\release_unicode\游戏ai.tlog\link.command.1.tlog
d:\qijianban\laok\服务端\中间目录\游戏组件\百人牛牛\游戏ai\release_unicode\游戏ai.tlog\link.read.1.tlog
d:\qijianban\laok\服务端\中间目录\游戏组件\百人牛牛\游戏ai\release_unicode\游戏ai.tlog\link.write.1.tlog
d:\qijianban\laok\服务端\中间目录\游戏组件\百人牛牛\游戏ai\release_unicode\游戏ai.tlog\rc.command.1.tlog
d:\qijianban\laok\服务端\中间目录\游戏组件\百人牛牛\游戏ai\release_unicode\游戏ai.tlog\rc.read.1.tlog
d:\qijianban\laok\服务端\中间目录\游戏组件\百人牛牛\游戏ai\release_unicode\游戏ai.tlog\rc.write.1.tlog
d:\qijianban\laok\服务端\中间目录\游戏组件\百人牛牛\游戏ai\release_unicode\游戏ai.tlog\游戏ai.write.1u.tlog
