e:\laok\服务端\中间目录\大联盟机器人\release_unicode\androiddistribute.pch
e:\laok\服务端\中间目录\大联盟机器人\release_unicode\vc140.pdb
e:\laok\服务端\中间目录\大联盟机器人\release_unicode\stdafx.obj
e:\laok\服务端\中间目录\大联盟机器人\release_unicode\log.obj
e:\laok\服务端\中间目录\大联盟机器人\release_unicode\serviceunits.obj
e:\laok\服务端\中间目录\大联盟机器人\release_unicode\serverlistmanager.obj
e:\laok\服务端\中间目录\大联盟机器人\release_unicode\initparameter.obj
e:\laok\服务端\中间目录\大联盟机器人\release_unicode\aidistributedlg.obj
e:\laok\服务端\中间目录\大联盟机器人\release_unicode\aidistribute.obj
e:\laok\服务端\中间目录\大联盟机器人\release_unicode\aimanager.obj
e:\laok\服务端\中间目录\大联盟机器人\release_unicode\dbcorrespondmanager.obj
e:\laok\服务端\中间目录\大联盟机器人\release_unicode\databaseenginesink.obj
e:\laok\服务端\中间目录\大联盟机器人\release_unicode\attemperenginesink.obj
e:\laok\服务端\运行\release\unicode\androiddistribute.exe
e:\laok\服务端\运行\release\unicode\androiddistribute.map
e:\laok\服务端\中间目录\游戏服务器\release_unicode\androiddistribute.pdb
e:\laok\服务端\中间目录\大联盟机器人\release_unicode\aidistribute.res
d:\qijianban\laok\服务端\中间目录\大联盟机器人\release_unicode\msado15.tli
d:\qijianban\laok\服务端\中间目录\大联盟机器人\release_unicode\msado15.tlh
d:\qijianban\laok\服务端\中间目录\大联盟机器人\release_unicode\aidistribute.res
d:\qijianban\laok\服务端\系统模块\服务器组件\大联盟机器人\../../../运行/release/unicode/androiddistribute.exe
d:\qijianban\laok\服务端\中间目录\大联盟机器人\release_unicode\大联盟机器人.tlog\cl.command.1.tlog
d:\qijianban\laok\服务端\中间目录\大联盟机器人\release_unicode\大联盟机器人.tlog\cl.read.1.tlog
d:\qijianban\laok\服务端\中间目录\大联盟机器人\release_unicode\大联盟机器人.tlog\cl.write.1.tlog
d:\qijianban\laok\服务端\中间目录\大联盟机器人\release_unicode\大联盟机器人.tlog\link.command.1.tlog
d:\qijianban\laok\服务端\中间目录\大联盟机器人\release_unicode\大联盟机器人.tlog\link.read.1.tlog
d:\qijianban\laok\服务端\中间目录\大联盟机器人\release_unicode\大联盟机器人.tlog\link.write.1.tlog
d:\qijianban\laok\服务端\中间目录\大联盟机器人\release_unicode\大联盟机器人.tlog\rc.command.1.tlog
d:\qijianban\laok\服务端\中间目录\大联盟机器人\release_unicode\大联盟机器人.tlog\rc.read.1.tlog
d:\qijianban\laok\服务端\中间目录\大联盟机器人\release_unicode\大联盟机器人.tlog\rc.write.1.tlog
