生成启动时间为 2021/5/28 23:23:33。
     1>项目“D:\whdlm\server\系统模块\服务器组件\大联盟机器人\AndroidDitribute.vcxproj”在节点 2 上(Build 个目标)。
     1>Link:
         C:\Program Files (x86)\Microsoft Visual Studio 12.0\VC\bin\link.exe /ERRORREPORT:PROMPT /OUT:"../../../运行/Release/Unicode/AndroidDistribute.exe" /INCREMENTAL:NO /NOLOGO /MANIFEST /MANIFESTUAC:"level='asInvoker' uiAccess='false'" /manifest:embed /manifestinput:"C:\Program Files (x86)\Microsoft Visual Studio 12.0\VC\Include\Manifest\dpiaware.manifest" /DEBUG /PDB:"../../../中间目录/游戏服务器/Release_Unicode/AndroidDistribute.pdb" /MAP /SUBSYSTEM:WINDOWS /OPT:REF /OPT:ICF /TLBID:1 /ENTRY:"wWinMainCRTStartup" /DYNAMICBASE /NXCOMPAT /IMPLIB:"../../../运行/Release/Unicode/AndroidDistribute.lib" /MACHINE:X86 /SAFESEH "../../../中间目录/大联盟机器人/Release_Unicode/AIDistribute.res"
         "../../../中间目录/大联盟机器人/Release_Unicode/Log.obj"
         "../../../中间目录/大联盟机器人/Release_Unicode/AttemperEngineSink.obj"
         "../../../中间目录/大联盟机器人/Release_Unicode/DataBaseEngineSink.obj"
         "../../../中间目录/大联盟机器人/Release_Unicode/DBCorrespondManager.obj"
         "../../../中间目录/大联盟机器人/Release_Unicode/AIManager.obj"
         "../../../中间目录/大联盟机器人/Release_Unicode/AIDistribute.obj"
         "../../../中间目录/大联盟机器人/Release_Unicode/AIDistributeDlg.obj"
         "../../../中间目录/大联盟机器人/Release_Unicode/InitParameter.obj"
         "../../../中间目录/大联盟机器人/Release_Unicode/ServerListManager.obj"
         "../../../中间目录/大联盟机器人/Release_Unicode/ServiceUnits.obj"
         "../../../中间目录/大联盟机器人/Release_Unicode/Stdafx.obj"
         AndroidDitribute.vcxproj -> D:\whdlm\server\系统模块\服务器组件\大联盟机器人\../../../运行/Release/Unicode/AndroidDistribute.exe
       PostBuildEvent:
         mkdir ..\..\..\发布组件\服务器组件\Release\Unicode
         copy /y ..\..\..\运行\Release\Unicode\AndroidDistribute.exe ..\..\..\发布组件\服务器组件\Release\Unicode\AndroidDistribute.exe
         
         :VCEnd
         子目录或文件 ..\..\..\发布组件\服务器组件\Release\Unicode 已经存在。
         已复制         1 个文件。
     1>已完成生成项目“D:\whdlm\server\系统模块\服务器组件\大联盟机器人\AndroidDitribute.vcxproj”(Build 个目标)的操作。

生成成功。

已用时间 00:00:01.03
