  Stdafx.cpp
g:\svn\dlm\服务端\系统模块\服务器组件\游戏服务\androiduseritem.h(235): warning C4244: “return”: 从“WORD”转换到“BYTE”，可能丢失数据
  ServiceUnits.cpp
g:\svn\dlm\服务端\系统模块\全局定义\module.h(235): warning C4477: “_snwprintf_s”: 格式字符串“%s”需要类型“wchar_t *”的参数，但可变参数 1 拥有了类型“CHAR *”
  g:\svn\dlm\服务端\系统模块\全局定义\module.h(235): note: 请考虑在格式字符串中使用“%hs”
  g:\svn\dlm\服务端\系统模块\全局定义\module.h(235): note: 请考虑在格式字符串中使用“%Ts”
  g:\svn\dlm\服务端\系统模块\全局定义\module.h(235): note: 如果需要 C99 标准语义，请考虑定义 _CRT_STDIO_ISO_WIDE_SPECIFIERS
  g:\svn\dlm\服务端\系统模块\全局定义\module.h(212): note: 编译类 模板 成员函数“bool CTempldateHelper<ITimerEngine>::CreateInstance(void)”时
  g:\svn\dlm\服务端\系统模块\服务器组件\日志服务器\serviceunits.cpp(85): note: 参见对正在编译的函数 模板 实例化“bool CTempldateHelper<ITimerEngine>::CreateInstance(void)”的引用
  d:\program files (x86)\microsoft visual studio 14.0\vc\atlmfc\include\afxtempl.h(1532): note: 编译类 模板 成员函数“CMap<INT,INT,tagGameDataItem *,tagGameDataItem *&>::CAssoc *CMap<INT,INT,tagGameDataItem *,tagGameDataItem *&>::GetAssocAt(ARG_KEY,UINT &,UINT &) const”时
          with
          [
              ARG_KEY=INT
          ]
  d:\program files (x86)\microsoft visual studio 14.0\vc\atlmfc\include\afxtempl.h(1590): note: 参见对正在编译的函数 模板 实例化“CMap<INT,INT,tagGameDataItem *,tagGameDataItem *&>::CAssoc *CMap<INT,INT,tagGameDataItem *,tagGameDataItem *&>::GetAssocAt(ARG_KEY,UINT &,UINT &) const”的引用
          with
          [
              ARG_KEY=INT
          ]
  d:\program files (x86)\microsoft visual studio 14.0\vc\atlmfc\include\afxtempl.h(1585): note: 编译类 模板 成员函数“tagGameDataItem *&CMap<INT,INT,tagGameDataItem *,tagGameDataItem *&>::operator [](ARG_KEY)”时
          with
          [
              ARG_KEY=INT
          ]
  d:\program files (x86)\microsoft visual studio 14.0\vc\atlmfc\include\afxtempl.h(1350): note: 参见对正在编译的函数 模板 实例化“tagGameDataItem *&CMap<INT,INT,tagGameDataItem *,tagGameDataItem *&>::operator [](ARG_KEY)”的引用
          with
          [
              ARG_KEY=INT
          ]
  d:\program files (x86)\microsoft visual studio 14.0\vc\atlmfc\include\afxtempl.h(1350): note: 编译类 模板 成员函数“void CMap<INT,INT,tagGameDataItem *,tagGameDataItem *&>::SetAt(ARG_KEY,ARG_VALUE)”时
          with
          [
              ARG_KEY=INT,
              ARG_VALUE=tagGameDataItem *&
          ]
  d:\program files (x86)\microsoft visual studio 14.0\vc\atlmfc\include\afxtempl.h(1786): note: 参见对正在编译的函数 模板 实例化“void CMap<INT,INT,tagGameDataItem *,tagGameDataItem *&>::SetAt(ARG_KEY,ARG_VALUE)”的引用
          with
          [
              ARG_KEY=INT,
              ARG_VALUE=tagGameDataItem *&
          ]
  d:\program files (x86)\microsoft visual studio 14.0\vc\atlmfc\include\afxtempl.h(1472): note: 编译类 模板 成员函数“CMap<INT,INT,tagGameDataItem *,tagGameDataItem *&>::~CMap(void)”时
  g:\svn\dlm\服务端\系统模块\服务器组件\游戏服务\serverusermanager.h(71): note: 参见对正在编译的类 模板 实例化“CMap<INT,INT,tagGameDataItem *,tagGameDataItem *&>”的引用
g:\svn\dlm\服务端\系统模块\全局定义\module.h(243): warning C4477: “_snwprintf_s”: 格式字符串“%s”需要类型“wchar_t *”的参数，但可变参数 1 拥有了类型“CHAR *”
  g:\svn\dlm\服务端\系统模块\全局定义\module.h(243): note: 请考虑在格式字符串中使用“%hs”
  g:\svn\dlm\服务端\系统模块\全局定义\module.h(243): note: 请考虑在格式字符串中使用“%Ts”
  g:\svn\dlm\服务端\系统模块\全局定义\module.h(243): note: 如果需要 C99 标准语义，请考虑定义 _CRT_STDIO_ISO_WIDE_SPECIFIERS
g:\svn\dlm\服务端\系统模块\全局定义\module.h(254): warning C4477: “_snwprintf_s”: 格式字符串“%s”需要类型“wchar_t *”的参数，但可变参数 1 拥有了类型“CHAR *”
  g:\svn\dlm\服务端\系统模块\全局定义\module.h(254): note: 请考虑在格式字符串中使用“%hs”
  g:\svn\dlm\服务端\系统模块\全局定义\module.h(254): note: 请考虑在格式字符串中使用“%Ts”
  g:\svn\dlm\服务端\系统模块\全局定义\module.h(254): note: 如果需要 C99 标准语义，请考虑定义 _CRT_STDIO_ISO_WIDE_SPECIFIERS
  InitParameter.cpp
  GlobalInfoManager.cpp
  LogServerServerDlg.cpp
  LogServer.cpp
  AttemperEngineSink.cpp
g:\svn\dlm\服务端\系统模块\服务器组件\日志服务器\attemperenginesink.cpp(76): warning C4018: “<”: 有符号/无符号不匹配
g:\svn\dlm\服务端\系统模块\服务器组件\日志服务器\attemperenginesink.cpp(224): warning C4018: “<”: 有符号/无符号不匹配
g:\svn\dlm\服务端\系统模块\服务器组件\日志服务器\attemperenginesink.cpp(334): warning C4018: “<”: 有符号/无符号不匹配
  正在生成代码...
AttemperEngineSink.obj : warning LNK4075: 忽略“/EDITANDCONTINUE”(由于“/SAFESEH”规范)
  LogServer.vcxproj -> G:\SVN\DLM\服务端\系统模块\服务器组件\日志服务器\../../../运行/Debug/Unicode/LogServer.exe
  LogServer.vcxproj -> ../../../中间目录/协调服务器/Debug_Unicode/LogServer.pdb (Full PDB)
  子目录或文件 ..\..\..\发布组件\服务器组件\Debug\Unicode 已经存在。
  已复制         1 个文件。
