  Stdafx.cpp
g:\svn\dlm\服务端\系统模块\服务器组件\游戏服务\androiduseritem.h(235): warning C4244: “return”: 从“WORD”转换到“BYTE”，可能丢失数据
  TableFrameHook.cpp
  MatchServiceManager.cpp
  LockTimeMatch.cpp
g:\svn\dlm\服务端\系统模块\服务器组件\比赛服务\locktimematch.cpp(925): warning C4477: “_snwprintf_s”: 格式字符串“%d”需要类型“int”的参数，但可变参数 1 拥有了类型“LONGLONG”
  g:\svn\dlm\服务端\系统模块\服务器组件\比赛服务\locktimematch.cpp(925): note: 请考虑在格式字符串中使用“%lld”
  g:\svn\dlm\服务端\系统模块\服务器组件\比赛服务\locktimematch.cpp(925): note: 请考虑在格式字符串中使用“%I64d”
g:\svn\dlm\服务端\系统模块\服务器组件\比赛服务\locktimematch.cpp(925): warning C4477: “_snwprintf_s”: 格式字符串“%d”需要类型“int”的参数，但可变参数 2 拥有了类型“LONGLONG”
  g:\svn\dlm\服务端\系统模块\服务器组件\比赛服务\locktimematch.cpp(925): note: 请考虑在格式字符串中使用“%lld”
  g:\svn\dlm\服务端\系统模块\服务器组件\比赛服务\locktimematch.cpp(925): note: 请考虑在格式字符串中使用“%I64d”
g:\svn\dlm\服务端\系统模块\服务器组件\比赛服务\locktimematch.cpp(927): warning C4477: “_snwprintf_s”: 格式字符串“%d”需要类型“int”的参数，但可变参数 1 拥有了类型“LONGLONG”
  g:\svn\dlm\服务端\系统模块\服务器组件\比赛服务\locktimematch.cpp(927): note: 请考虑在格式字符串中使用“%lld”
  g:\svn\dlm\服务端\系统模块\服务器组件\比赛服务\locktimematch.cpp(927): note: 请考虑在格式字符串中使用“%I64d”
g:\svn\dlm\服务端\系统模块\服务器组件\比赛服务\locktimematch.cpp(929): warning C4477: “_snwprintf_s”: 格式字符串“%d”需要类型“int”的参数，但可变参数 1 拥有了类型“LONGLONG”
  g:\svn\dlm\服务端\系统模块\服务器组件\比赛服务\locktimematch.cpp(929): note: 请考虑在格式字符串中使用“%lld”
  g:\svn\dlm\服务端\系统模块\服务器组件\比赛服务\locktimematch.cpp(929): note: 请考虑在格式字符串中使用“%I64d”
  ImmediateMatch.cpp
g:\svn\dlm\服务端\系统模块\服务器组件\比赛服务\immediatematch.cpp(185): warning C4244: “初始化”: 从“DWORD”转换到“BYTE”，可能丢失数据
g:\svn\dlm\服务端\系统模块\服务器组件\比赛服务\immediatematch.cpp(471): warning C4477: “_snwprintf_s”: 格式字符串“%d”需要类型“int”的参数，但可变参数 1 拥有了类型“LONGLONG”
  g:\svn\dlm\服务端\系统模块\服务器组件\比赛服务\immediatematch.cpp(471): note: 请考虑在格式字符串中使用“%lld”
  g:\svn\dlm\服务端\系统模块\服务器组件\比赛服务\immediatematch.cpp(471): note: 请考虑在格式字符串中使用“%I64d”
g:\svn\dlm\服务端\系统模块\服务器组件\比赛服务\immediatematch.cpp(471): warning C4477: “_snwprintf_s”: 格式字符串“%d”需要类型“int”的参数，但可变参数 2 拥有了类型“LONGLONG”
  g:\svn\dlm\服务端\系统模块\服务器组件\比赛服务\immediatematch.cpp(471): note: 请考虑在格式字符串中使用“%lld”
  g:\svn\dlm\服务端\系统模块\服务器组件\比赛服务\immediatematch.cpp(471): note: 请考虑在格式字符串中使用“%I64d”
g:\svn\dlm\服务端\系统模块\服务器组件\比赛服务\immediatematch.cpp(473): warning C4477: “_snwprintf_s”: 格式字符串“%d”需要类型“int”的参数，但可变参数 1 拥有了类型“LONGLONG”
  g:\svn\dlm\服务端\系统模块\服务器组件\比赛服务\immediatematch.cpp(473): note: 请考虑在格式字符串中使用“%lld”
  g:\svn\dlm\服务端\系统模块\服务器组件\比赛服务\immediatematch.cpp(473): note: 请考虑在格式字符串中使用“%I64d”
g:\svn\dlm\服务端\系统模块\服务器组件\比赛服务\immediatematch.cpp(475): warning C4477: “_snwprintf_s”: 格式字符串“%d”需要类型“int”的参数，但可变参数 1 拥有了类型“LONGLONG”
  g:\svn\dlm\服务端\系统模块\服务器组件\比赛服务\immediatematch.cpp(475): note: 请考虑在格式字符串中使用“%lld”
  g:\svn\dlm\服务端\系统模块\服务器组件\比赛服务\immediatematch.cpp(475): note: 请考虑在格式字符串中使用“%I64d”
g:\svn\dlm\服务端\系统模块\服务器组件\比赛服务\immediatematch.cpp(1307): warning C4477: “_snwprintf_s”: 格式字符串“%d”需要类型“int”的参数，但可变参数 1 拥有了类型“LONGLONG”
  g:\svn\dlm\服务端\系统模块\服务器组件\比赛服务\immediatematch.cpp(1307): note: 请考虑在格式字符串中使用“%lld”
  g:\svn\dlm\服务端\系统模块\服务器组件\比赛服务\immediatematch.cpp(1307): note: 请考虑在格式字符串中使用“%I64d”
  ImmediateGroup.cpp
  GameMatchServer.cpp
  DistributeManager.cpp
  正在生成代码...
DistributeManager.obj : warning LNK4075: 忽略“/EDITANDCONTINUE”(由于“/SAFESEH”规范)
    正在创建库 ../../链接库/Unicode/MatchServiceD.lib 和对象 ../../链接库/Unicode/MatchServiceD.exp
  GameMatchServer.vcxproj -> G:\SVN\DLM\服务端\系统模块\服务器组件\比赛服务\../../../运行/Debug/Unicode/MatchServiceD.dll
  GameMatchServer.vcxproj -> ../../../中间目录/比赛服务/Debug_Unicode/MatchServiceD.pdb (Full PDB)
  子目录或文件 ..\..\..\发布组件\服务器组件\Debug\Unicode 已经存在。
  已复制         1 个文件。
