生成启动时间为 2020/11/2 5:04:49。
     1>项目“D:\BaiduNetdiskDownload\藏宝库新大联盟\server\系统模块\服务器组件\比赛服务\GameMatchServer.vcxproj”在节点 2 上(Build 个目标)。
     1>ClCompile:
         C:\Program Files (x86)\Microsoft Visual Studio 12.0\VC\bin\CL.exe /c /Zi /nologo /W3 /WX- /O2 /Oy- /D WIN32 /D _WINDOWS /D NDEBUG /D _AFXEXT /D MATCH_SERVICE_DLL /D _UNICODE /D _WINDLL /D _UNICODE /D UNICODE /D _AFXDLL /Gm- /EHsc /MD /GS /fp:precise /Zc:wchar_t /Zc:forScope /Yc"stdafx.h" /Fp"../../../中间目录/比赛服务/Release_Unicode/MatchService.pch" /Fo"../../../中间目录/比赛服务/Release_Unicode/" /Fd"../../../中间目录/比赛服务/Release_Unicode/vc120.pdb" /Gd /TP /analyze- /errorReport:prompt Stdafx.cpp
         Stdafx.cpp
     1>d:\baidunetdiskdownload\藏宝库新大联盟\server\系统模块\服务器组件\游戏服务\AndroidUserItem.h(235): warning C4244: “return”: 从“WORD”转换到“BYTE”，可能丢失数据
         C:\Program Files (x86)\Microsoft Visual Studio 12.0\VC\bin\CL.exe /c /Zi /nologo /W3 /WX- /O2 /Oy- /D WIN32 /D _WINDOWS /D NDEBUG /D _AFXEXT /D MATCH_SERVICE_DLL /D _UNICODE /D _WINDLL /D _UNICODE /D UNICODE /D _AFXDLL /Gm- /EHsc /MD /GS /fp:precise /Zc:wchar_t /Zc:forScope /Yu"stdafx.h" /Fp"../../../中间目录/比赛服务/Release_Unicode/MatchService.pch" /Fo"../../../中间目录/比赛服务/Release_Unicode/" /Fd"../../../中间目录/比赛服务/Release_Unicode/vc120.pdb" /Gd /TP /analyze- /errorReport:prompt DistributeManager.cpp GameMatchServer.cpp ImmediateGroup.cpp ImmediateMatch.cpp LockTimeMatch.cpp MatchServiceManager.cpp TableFrameHook.cpp
         DistributeManager.cpp
         GameMatchServer.cpp
         ImmediateGroup.cpp
         ImmediateMatch.cpp
     1>ImmediateMatch.cpp(185): warning C4244: “初始化”: 从“DWORD”转换到“BYTE”，可能丢失数据
         LockTimeMatch.cpp
         MatchServiceManager.cpp
         TableFrameHook.cpp
         正在生成代码...
       ResourceCompile:
         C:\Program Files (x86)\Windows Kits\8.1\bin\x86\rc.exe /D NDEBUG /D _UNICODE /D UNICODE /D _AFXDLL /l"0x0804" /I"../../../中间目录/比赛服务/Release_Unicode/" /nologo /fo"../../../中间目录/比赛服务/Release_Unicode/GameMatchServer.res" GameMatchServer.rc 
       Link:
         C:\Program Files (x86)\Microsoft Visual Studio 12.0\VC\bin\link.exe /ERRORREPORT:PROMPT /OUT:"../../../运行/Release/Unicode/MatchService.dll" /INCREMENTAL:NO /NOLOGO /MANIFEST /MANIFESTUAC:"level='asInvoker' uiAccess='false'" /manifest:embed /manifestinput:"C:\Program Files (x86)\Microsoft Visual Studio 12.0\VC\Include\Manifest\dpiaware.manifest" /DEBUG /PDB:"../../../中间目录/比赛服务/Release_Unicode/MatchService.pdb" /MAP /SUBSYSTEM:WINDOWS /OPT:REF /OPT:ICF /TLBID:1 /DYNAMICBASE /NXCOMPAT /IMPLIB:"../../链接库/Unicode/MatchService.lib" /MACHINE:X86 /SAFESEH /DLL "../../../中间目录/比赛服务/Release_Unicode/GameMatchServer.res"
         "../../../中间目录/比赛服务/Release_Unicode/DistributeManager.obj"
         "../../../中间目录/比赛服务/Release_Unicode/GameMatchServer.obj"
         "../../../中间目录/比赛服务/Release_Unicode/ImmediateGroup.obj"
         "../../../中间目录/比赛服务/Release_Unicode/ImmediateMatch.obj"
         "../../../中间目录/比赛服务/Release_Unicode/LockTimeMatch.obj"
         "../../../中间目录/比赛服务/Release_Unicode/MatchServiceManager.obj"
         "../../../中间目录/比赛服务/Release_Unicode/Stdafx.obj"
         "../../../中间目录/比赛服务/Release_Unicode/TableFrameHook.obj"
            正在创建库 ../../链接库/Unicode/MatchService.lib 和对象 ../../链接库/Unicode/MatchService.exp
         GameMatchServer.vcxproj -> D:\BaiduNetdiskDownload\藏宝库新大联盟\server\系统模块\服务器组件\比赛服务\../../../运行/Release/Unicode/MatchService.dll
       PostBuildEvent:
         mkdir ..\..\..\发布组件\服务器组件\Release\Unicode
         copy /y ..\..\..\运行\Release\Unicode\MatchService.dll ..\..\..\发布组件\服务器组件\Release\Unicode\MatchService.dll
         
         :VCEnd
         子目录或文件 ..\..\..\发布组件\服务器组件\Release\Unicode 已经存在。
         已复制         1 个文件。
     1>已完成生成项目“D:\BaiduNetdiskDownload\藏宝库新大联盟\server\系统模块\服务器组件\比赛服务\GameMatchServer.vcxproj”(Build 个目标)的操作。

生成成功。

已用时间 00:00:04.41
