e:\laok\服务端\中间目录\比赛服务\release_unicode\matchservice.pch
e:\laok\服务端\中间目录\比赛服务\release_unicode\vc140.pdb
e:\laok\服务端\中间目录\比赛服务\release_unicode\stdafx.obj
e:\laok\服务端\中间目录\比赛服务\release_unicode\tableframehook.obj
e:\laok\服务端\中间目录\比赛服务\release_unicode\matchservicemanager.obj
e:\laok\服务端\中间目录\比赛服务\release_unicode\locktimematch.obj
e:\laok\服务端\中间目录\比赛服务\release_unicode\immediatematch.obj
e:\laok\服务端\中间目录\比赛服务\release_unicode\immediategroup.obj
e:\laok\服务端\中间目录\比赛服务\release_unicode\gamematchserver.obj
e:\laok\服务端\中间目录\比赛服务\release_unicode\distributemanager.obj
e:\laok\服务端\运行\release\unicode\matchservice.dll
e:\laok\服务端\运行\release\unicode\matchservice.map
e:\laok\服务端\中间目录\比赛服务\release_unicode\matchservice.pdb
e:\laok\服务端\中间目录\比赛服务\release_unicode\gamematchserver.res
e:\laok\服务端\系统模块\链接库\unicode\matchservice.lib
e:\laok\服务端\系统模块\链接库\unicode\matchservice.exp
d:\qijianban\laok\服务端\中间目录\比赛服务\release_unicode\msado15.tli
d:\qijianban\laok\服务端\中间目录\比赛服务\release_unicode\msado15.tlh
d:\qijianban\laok\服务端\中间目录\比赛服务\release_unicode\gamematchserver.res
d:\qijianban\laok\服务端\系统模块\服务器组件\比赛服务\../../../运行/release/unicode/matchservice.dll
d:\qijianban\laok\服务端\中间目录\比赛服务\release_unicode\比赛服务.tlog\cl.command.1.tlog
d:\qijianban\laok\服务端\中间目录\比赛服务\release_unicode\比赛服务.tlog\cl.read.1.tlog
d:\qijianban\laok\服务端\中间目录\比赛服务\release_unicode\比赛服务.tlog\cl.write.1.tlog
d:\qijianban\laok\服务端\中间目录\比赛服务\release_unicode\比赛服务.tlog\link.command.1.tlog
d:\qijianban\laok\服务端\中间目录\比赛服务\release_unicode\比赛服务.tlog\link.read.1.tlog
d:\qijianban\laok\服务端\中间目录\比赛服务\release_unicode\比赛服务.tlog\link.write.1.tlog
d:\qijianban\laok\服务端\中间目录\比赛服务\release_unicode\比赛服务.tlog\rc.command.1.tlog
d:\qijianban\laok\服务端\中间目录\比赛服务\release_unicode\比赛服务.tlog\rc.read.1.tlog
d:\qijianban\laok\服务端\中间目录\比赛服务\release_unicode\比赛服务.tlog\rc.write.1.tlog
d:\qijianban\laok\服务端\中间目录\比赛服务\release_unicode\比赛服务.tlog\比赛服务.write.1u.tlog
