e:\laok\服务端\中间目录\游戏服务\release_unicode\gameservice.pch
e:\laok\服务端\中间目录\游戏服务\release_unicode\vc140.pdb
e:\laok\服务端\中间目录\游戏服务\release_unicode\stdafx.obj
e:\laok\服务端\中间目录\游戏服务\release_unicode\usertaskmanager.obj
e:\laok\服务端\中间目录\游戏服务\release_unicode\serverusermanager.obj
e:\laok\服务端\中间目录\游戏服务\release_unicode\gameservice.obj
e:\laok\服务端\中间目录\游戏服务\release_unicode\gamepropertymanager.obj
e:\laok\服务端\中间目录\游戏服务\release_unicode\androidusermanager.obj
e:\laok\服务端\中间目录\游戏服务\release_unicode\androiduseritem.obj
e:\laok\服务端\运行\release\unicode\gameservice.dll
e:\laok\服务端\运行\release\unicode\gameservice.map
e:\laok\服务端\中间目录\游戏服务\release_unicode\gameservice.pdb
e:\laok\服务端\中间目录\游戏服务\release_unicode\gameservice.res
e:\laok\服务端\系统模块\链接库\unicode\gameservice.lib
e:\laok\服务端\系统模块\链接库\unicode\gameservice.exp
d:\qijianban\laok\服务端\中间目录\游戏服务\release_unicode\msado15.tli
d:\qijianban\laok\服务端\中间目录\游戏服务\release_unicode\msado15.tlh
d:\qijianban\laok\服务端\中间目录\游戏服务\release_unicode\gameservice.res
d:\qijianban\laok\服务端\系统模块\服务器组件\游戏服务\../../../运行/release/unicode/gameservice.dll
d:\qijianban\laok\服务端\中间目录\游戏服务\release_unicode\游戏服务.tlog\cl.command.1.tlog
d:\qijianban\laok\服务端\中间目录\游戏服务\release_unicode\游戏服务.tlog\cl.read.1.tlog
d:\qijianban\laok\服务端\中间目录\游戏服务\release_unicode\游戏服务.tlog\cl.write.1.tlog
d:\qijianban\laok\服务端\中间目录\游戏服务\release_unicode\游戏服务.tlog\link.command.1.tlog
d:\qijianban\laok\服务端\中间目录\游戏服务\release_unicode\游戏服务.tlog\link.read.1.tlog
d:\qijianban\laok\服务端\中间目录\游戏服务\release_unicode\游戏服务.tlog\link.write.1.tlog
d:\qijianban\laok\服务端\中间目录\游戏服务\release_unicode\游戏服务.tlog\rc.command.1.tlog
d:\qijianban\laok\服务端\中间目录\游戏服务\release_unicode\游戏服务.tlog\rc.read.1.tlog
d:\qijianban\laok\服务端\中间目录\游戏服务\release_unicode\游戏服务.tlog\rc.write.1.tlog
d:\qijianban\laok\服务端\中间目录\游戏服务\release_unicode\游戏服务.tlog\游戏服务.write.1u.tlog
