生成启动时间为 2021/5/28 23:23:33。
     1>项目“D:\whdlm\server\系统模块\服务器组件\游戏服务\GameService.vcxproj”在节点 3 上(Build 个目标)。
     1>Link:
         C:\Program Files (x86)\Microsoft Visual Studio 12.0\VC\bin\link.exe /ERRORREPORT:PROMPT /OUT:"../../../运行/Release/Unicode/GameService.dll" /INCREMENTAL:NO /NOLOGO /DEF:".\GameService.def" /MANIFEST /MANIFESTUAC:"level='asInvoker' uiAccess='false'" /manifest:embed /manifestinput:"C:\Program Files (x86)\Microsoft Visual Studio 12.0\VC\Include\Manifest\dpiaware.manifest" /DEBUG /PDB:"../../../中间目录/游戏服务/Release_Unicode/GameService.pdb" /MAP /SUBSYSTEM:WINDOWS /OPT:REF /OPT:ICF /TLBID:1 /DYNAMICBASE /NXCOMPAT /IMPLIB:"../../链接库/Unicode/GameService.lib" /MACHINE:X86 /SAFESEH /DLL "../../../中间目录/游戏服务/Release_Unicode/GameService.res"
         "../../../中间目录/游戏服务/Release_Unicode/AndroidUserItem.obj"
         "../../../中间目录/游戏服务/Release_Unicode/AndroidUserManager.obj"
         "../../../中间目录/游戏服务/Release_Unicode/GamePropertyManager.obj"
         "../../../中间目录/游戏服务/Release_Unicode/GameService.obj"
         "../../../中间目录/游戏服务/Release_Unicode/ServerUserManager.obj"
         "../../../中间目录/游戏服务/Release_Unicode/Stdafx.obj"
         "../../../中间目录/游戏服务/Release_Unicode/UserTaskManager.obj"
            正在创建库 ../../链接库/Unicode/GameService.lib 和对象 ../../链接库/Unicode/GameService.exp
         GameService.vcxproj -> D:\whdlm\server\系统模块\服务器组件\游戏服务\../../../运行/Release/Unicode/GameService.dll
       PostBuildEvent:
         mkdir ..\..\..\发布组件\服务器组件\Release\Unicode
         copy /y ..\..\..\运行\Release\Unicode\GameService.dll ..\..\..\发布组件\服务器组件\Release\Unicode\GameService.dll
         
         :VCEnd
         子目录或文件 ..\..\..\发布组件\服务器组件\Release\Unicode 已经存在。
         已复制         1 个文件。
     1>已完成生成项目“D:\whdlm\server\系统模块\服务器组件\游戏服务\GameService.vcxproj”(Build 个目标)的操作。

生成成功。

已用时间 00:00:01.67
