g:\svn\dlm\服务端\中间目录\游戏组件\森林王国\客户端控制\release_unicode\3dslwgclientdebug.pch
g:\svn\dlm\服务端\中间目录\游戏组件\森林王国\客户端控制\release_unicode\vc140.pdb
g:\svn\dlm\服务端\中间目录\游戏组件\森林王国\客户端控制\release_unicode\vc140.idb
g:\svn\dlm\服务端\中间目录\游戏组件\森林王国\客户端控制\release_unicode\stdafx.obj
g:\svn\dlm\服务端\中间目录\游戏组件\森林王国\客户端控制\release_unicode\clientcontrolitemsink.obj
g:\svn\dlm\服务端\中间目录\游戏组件\森林王国\客户端控制\release_unicode\clientcontrol.obj
g:\svn\dlm\服务端\运行\release\unicode\3dslwgclientdebug.dll
g:\svn\dlm\服务端\运行\release\unicode\3dslwgclientdebug.pdb
g:\svn\dlm\服务端\中间目录\游戏组件\森林王国\客户端控制\release_unicode\clientcontrol.res
g:\svn\dlm\服务端\运行\release\unicode\clientcontrol.lib
g:\svn\dlm\服务端\运行\release\unicode\clientcontrol.exp
d:\qijianban\laok\服务端\中间目录\游戏组件\森林王国\客户端控制\release_unicode\flash.tli
d:\qijianban\laok\服务端\中间目录\游戏组件\森林王国\客户端控制\release_unicode\flash.tlh
d:\qijianban\laok\服务端\中间目录\游戏组件\森林王国\客户端控制\release_unicode\clientcontrol.res
d:\qijianban\laok\服务端\中间目录\游戏组件\森林王国\客户端控制\release_unicode\控制客户端.tlog\cl.command.1.tlog
d:\qijianban\laok\服务端\中间目录\游戏组件\森林王国\客户端控制\release_unicode\控制客户端.tlog\cl.read.1.tlog
d:\qijianban\laok\服务端\中间目录\游戏组件\森林王国\客户端控制\release_unicode\控制客户端.tlog\cl.write.1.tlog
d:\qijianban\laok\服务端\中间目录\游戏组件\森林王国\客户端控制\release_unicode\控制客户端.tlog\link.command.1.tlog
d:\qijianban\laok\服务端\中间目录\游戏组件\森林王国\客户端控制\release_unicode\控制客户端.tlog\link.read.1.tlog
d:\qijianban\laok\服务端\中间目录\游戏组件\森林王国\客户端控制\release_unicode\控制客户端.tlog\link.write.1.tlog
d:\qijianban\laok\服务端\中间目录\游戏组件\森林王国\客户端控制\release_unicode\控制客户端.tlog\rc.command.1.tlog
d:\qijianban\laok\服务端\中间目录\游戏组件\森林王国\客户端控制\release_unicode\控制客户端.tlog\rc.read.1.tlog
d:\qijianban\laok\服务端\中间目录\游戏组件\森林王国\客户端控制\release_unicode\控制客户端.tlog\rc.write.1.tlog
d:\qijianban\laok\服务端\中间目录\游戏组件\森林王国\客户端控制\release_unicode\控制客户端.tlog\控制客户端.write.1u.tlog
