[
    "clientscene:queryUserScoreInfo 05/26/21 03:10:11",
    "clientscene:queryUserScoreInfo responese 05/26/21 03:10:11",
    {
        "logtime": "2021/05/26 03:10:26",
        "logdata": "[string \"game/yule/oxeight/src/views/layer/GameViewLayer.lua\"]:3042: bad argument #2 to 'format' (number expected, got nil)\nstack traceback:\n\t[string \"game/yule/oxeight/src/views/layer/GameViewLayer.lua\"]:3042: in function 'showRoomRule'\n\t[string \"game/yule/oxeight/src/views/GameLayer.lua\"]:530: in function 'onSceneFree'\n\t[string \"game/yule/oxeight/src/views/GameLayer.lua\"]:436: in function 'onEventGameScene'\n\t[string \"client/src/plaza/models/GameFrameEngine.lua\"]:859: in function 'onSocketFrameEvent'\n\t[string \"client/src/plaza/models/GameFrameEngine.lua\"]:140: in function 'onSocketEvent'\n\t[string \"client/src/plaza/models/BaseFrame.lua\"]:145: in function 'onSocketCallBack'\n\t[string \"client/src/plaza/models/BaseFrame.lua\"]:100: in function <[string \"client/src/plaza/models/BaseFrame.lua\"]:99>"
    },
    {
        "logtime": "2021/05/26 03:10:29",
        "logdata": "[string \"game/yule/oxeight/src/views/layer/GameViewLayer.lua\"]:3042: bad argument #2 to 'format' (number expected, got nil)\nstack traceback:\n\t[string \"game/yule/oxeight/src/views/layer/GameViewLayer.lua\"]:3042: in function 'showRoomRule'\n\t[string \"game/yule/oxeight/src/views/GameLayer.lua\"]:530: in function 'onSceneFree'\n\t[string \"game/yule/oxeight/src/views/GameLayer.lua\"]:436: in function 'onEventGameScene'\n\t[string \"client/src/plaza/models/GameFrameEngine.lua\"]:859: in function 'onSocketFrameEvent'\n\t[string \"client/src/plaza/models/GameFrameEngine.lua\"]:140: in function 'onSocketEvent'\n\t[string \"client/src/plaza/models/BaseFrame.lua\"]:145: in function 'onSocketCallBack'\n\t[string \"client/src/plaza/models/BaseFrame.lua\"]:100: in function <[string \"client/src/plaza/models/BaseFrame.lua\"]:99>"
    },
    {
        "logtime": "2021/05/26 03:10:30",
        "logdata": "[string \"game/yule/oxeight/src/views/layer/GameViewLayer.lua\"]:3042: bad argument #2 to 'format' (number expected, got nil)\nstack traceback:\n\t[string \"game/yule/oxeight/src/views/layer/GameViewLayer.lua\"]:3042: in function 'showRoomRule'\n\t[string \"game/yule/oxeight/src/views/GameLayer.lua\"]:530: in function 'onSceneFree'\n\t[string \"game/yule/oxeight/src/views/GameLayer.lua\"]:436: in function 'onEventGameScene'\n\t[string \"client/src/plaza/models/GameFrameEngine.lua\"]:859: in function 'onSocketFrameEvent'\n\t[string \"client/src/plaza/models/GameFrameEngine.lua\"]:140: in function 'onSocketEvent'\n\t[string \"client/src/plaza/models/BaseFrame.lua\"]:145: in function 'onSocketCallBack'\n\t[string \"client/src/plaza/models/BaseFrame.lua\"]:100: in function <[string \"client/src/plaza/models/BaseFrame.lua\"]:99>"
    },
    {
        "logtime": "2021/05/26 03:10:31",
        "logdata": "[string \"game/yule/oxeight/src/views/layer/GameViewLayer.lua\"]:3042: bad argument #2 to 'format' (number expected, got nil)\nstack traceback:\n\t[string \"game/yule/oxeight/src/views/layer/GameViewLayer.lua\"]:3042: in function 'showRoomRule'\n\t[string \"game/yule/oxeight/src/views/GameLayer.lua\"]:530: in function 'onSceneFree'\n\t[string \"game/yule/oxeight/src/views/GameLayer.lua\"]:436: in function 'onEventGameScene'\n\t[string \"client/src/plaza/models/GameFrameEngine.lua\"]:859: in function 'onSocketFrameEvent'\n\t[string \"client/src/plaza/models/GameFrameEngine.lua\"]:140: in function 'onSocketEvent'\n\t[string \"client/src/plaza/models/BaseFrame.lua\"]:145: in function 'onSocketCallBack'\n\t[string \"client/src/plaza/models/BaseFrame.lua\"]:100: in function <[string \"client/src/plaza/models/BaseFrame.lua\"]:99>"
    },
    {
        "logtime": "2021/05/26 03:10:31",
        "logdata": "[string \"game/yule/oxeight/src/views/layer/GameViewLayer.lua\"]:3042: bad argument #2 to 'format' (number expected, got nil)\nstack traceback:\n\t[string \"game/yule/oxeight/src/views/layer/GameViewLayer.lua\"]:3042: in function 'showRoomRule'\n\t[string \"game/yule/oxeight/src/views/GameLayer.lua\"]:530: in function 'onSceneFree'\n\t[string \"game/yule/oxeight/src/views/GameLayer.lua\"]:436: in function 'onEventGameScene'\n\t[string \"client/src/plaza/models/GameFrameEngine.lua\"]:859: in function 'onSocketFrameEvent'\n\t[string \"client/src/plaza/models/GameFrameEngine.lua\"]:140: in function 'onSocketEvent'\n\t[string \"client/src/plaza/models/BaseFrame.lua\"]:145: in function 'onSocketCallBack'\n\t[string \"client/src/plaza/models/BaseFrame.lua\"]:100: in function <[string \"client/src/plaza/models/BaseFrame.lua\"]:99>"
    },
    {
        "logtime": "2021/05/26 03:10:31",
        "logdata": "[string \"game/yule/oxeight/src/views/layer/GameViewLayer.lua\"]:3042: bad argument #2 to 'format' (number expected, got nil)\nstack traceback:\n\t[string \"game/yule/oxeight/src/views/layer/GameViewLayer.lua\"]:3042: in function 'showRoomRule'\n\t[string \"game/yule/oxeight/src/views/GameLayer.lua\"]:530: in function 'onSceneFree'\n\t[string \"game/yule/oxeight/src/views/GameLayer.lua\"]:436: in function 'onEventGameScene'\n\t[string \"client/src/plaza/models/GameFrameEngine.lua\"]:859: in function 'onSocketFrameEvent'\n\t[string \"client/src/plaza/models/GameFrameEngine.lua\"]:140: in function 'onSocketEvent'\n\t[string \"client/src/plaza/models/BaseFrame.lua\"]:145: in function 'onSocketCallBack'\n\t[string \"client/src/plaza/models/BaseFrame.lua\"]:100: in function <[string \"client/src/plaza/models/BaseFrame.lua\"]:99>"
    },
    {
        "logtime": "2021/05/26 03:10:32",
        "logdata": "[string \"game/yule/oxeight/src/views/layer/GameViewLayer.lua\"]:3042: bad argument #2 to 'format' (number expected, got nil)\nstack traceback:\n\t[string \"game/yule/oxeight/src/views/layer/GameViewLayer.lua\"]:3042: in function 'showRoomRule'\n\t[string \"game/yule/oxeight/src/views/GameLayer.lua\"]:530: in function 'onSceneFree'\n\t[string \"game/yule/oxeight/src/views/GameLayer.lua\"]:436: in function 'onEventGameScene'\n\t[string \"client/src/plaza/models/GameFrameEngine.lua\"]:859: in function 'onSocketFrameEvent'\n\t[string \"client/src/plaza/models/GameFrameEngine.lua\"]:140: in function 'onSocketEvent'\n\t[string \"client/src/plaza/models/BaseFrame.lua\"]:145: in function 'onSocketCallBack'\n\t[string \"client/src/plaza/models/BaseFrame.lua\"]:100: in function <[string \"client/src/plaza/models/BaseFrame.lua\"]:99>"
    },
    {
        "logtime": "2021/05/26 03:10:34",
        "logdata": "[string \"game/yule/oxeight/src/views/layer/GameViewLayer.lua\"]:3042: bad argument #2 to 'format' (number expected, got nil)\nstack traceback:\n\t[string \"game/yule/oxeight/src/views/layer/GameViewLayer.lua\"]:3042: in function 'showRoomRule'\n\t[string \"game/yule/oxeight/src/views/GameLayer.lua\"]:530: in function 'onSceneFree'\n\t[string \"game/yule/oxeight/src/views/GameLayer.lua\"]:436: in function 'onEventGameScene'\n\t[string \"client/src/plaza/models/GameFrameEngine.lua\"]:859: in function 'onSocketFrameEvent'\n\t[string \"client/src/plaza/models/GameFrameEngine.lua\"]:140: in function 'onSocketEvent'\n\t[string \"client/src/plaza/models/BaseFrame.lua\"]:145: in function 'onSocketCallBack'\n\t[string \"client/src/plaza/models/BaseFrame.lua\"]:100: in function <[string \"client/src/plaza/models/BaseFrame.lua\"]:99>"
    },
    {
        "logtime": "2021/05/26 03:10:35",
        "logdata": "[string \"game/yule/oxeight/src/views/layer/GameViewLayer.lua\"]:3042: bad argument #2 to 'format' (number expected, got nil)\nstack traceback:\n\t[string \"game/yule/oxeight/src/views/layer/GameViewLayer.lua\"]:3042: in function 'showRoomRule'\n\t[string \"game/yule/oxeight/src/views/GameLayer.lua\"]:530: in function 'onSceneFree'\n\t[string \"game/yule/oxeight/src/views/GameLayer.lua\"]:436: in function 'onEventGameScene'\n\t[string \"client/src/plaza/models/GameFrameEngine.lua\"]:859: in function 'onSocketFrameEvent'\n\t[string \"client/src/plaza/models/GameFrameEngine.lua\"]:140: in function 'onSocketEvent'\n\t[string \"client/src/plaza/models/BaseFrame.lua\"]:145: in function 'onSocketCallBack'\n\t[string \"client/src/plaza/models/BaseFrame.lua\"]:100: in function <[string \"client/src/plaza/models/BaseFrame.lua\"]:99>"
    },
    {
        "logtime": "2021/05/26 03:10:35",
        "logdata": "[string \"game/yule/oxeight/src/views/layer/GameViewLayer.lua\"]:3042: bad argument #2 to 'format' (number expected, got nil)\nstack traceback:\n\t[string \"game/yule/oxeight/src/views/layer/GameViewLayer.lua\"]:3042: in function 'showRoomRule'\n\t[string \"game/yule/oxeight/src/views/GameLayer.lua\"]:530: in function 'onSceneFree'\n\t[string \"game/yule/oxeight/src/views/GameLayer.lua\"]:436: in function 'onEventGameScene'\n\t[string \"client/src/plaza/models/GameFrameEngine.lua\"]:859: in function 'onSocketFrameEvent'\n\t[string \"client/src/plaza/models/GameFrameEngine.lua\"]:140: in function 'onSocketEvent'\n\t[string \"client/src/plaza/models/BaseFrame.lua\"]:145: in function 'onSocketCallBack'\n\t[string \"client/src/plaza/models/BaseFrame.lua\"]:100: in function <[string \"client/src/plaza/models/BaseFrame.lua\"]:99>"
    },
    {
        "logtime": "2021/05/26 03:10:45",
        "logdata": "[string \"game/yule/oxeight/src/views/layer/GameViewLayer.lua\"]:3042: bad argument #2 to 'format' (number expected, got nil)\nstack traceback:\n\t[string \"game/yule/oxeight/src/views/layer/GameViewLayer.lua\"]:3042: in function 'showRoomRule'\n\t[string \"game/yule/oxeight/src/views/GameLayer.lua\"]:530: in function 'onSceneFree'\n\t[string \"game/yule/oxeight/src/views/GameLayer.lua\"]:436: in function 'onEventGameScene'\n\t[string \"client/src/plaza/models/GameFrameEngine.lua\"]:859: in function 'onSocketFrameEvent'\n\t[string \"client/src/plaza/models/GameFrameEngine.lua\"]:140: in function 'onSocketEvent'\n\t[string \"client/src/plaza/models/BaseFrame.lua\"]:145: in function 'onSocketCallBack'\n\t[string \"client/src/plaza/models/BaseFrame.lua\"]:100: in function <[string \"client/src/plaza/models/BaseFrame.lua\"]:99>"
    },
    {
        "logtime": "2021/05/26 03:10:46",
        "logdata": "[string \"game/yule/oxeight/src/views/layer/GameViewLayer.lua\"]:3042: bad argument #2 to 'format' (number expected, got nil)\nstack traceback:\n\t[string \"game/yule/oxeight/src/views/layer/GameViewLayer.lua\"]:3042: in function 'showRoomRule'\n\t[string \"game/yule/oxeight/src/views/GameLayer.lua\"]:530: in function 'onSceneFree'\n\t[string \"game/yule/oxeight/src/views/GameLayer.lua\"]:436: in function 'onEventGameScene'\n\t[string \"client/src/plaza/models/GameFrameEngine.lua\"]:859: in function 'onSocketFrameEvent'\n\t[string \"client/src/plaza/models/GameFrameEngine.lua\"]:140: in function 'onSocketEvent'\n\t[string \"client/src/plaza/models/BaseFrame.lua\"]:145: in function 'onSocketCallBack'\n\t[string \"client/src/plaza/models/BaseFrame.lua\"]:100: in function <[string \"client/src/plaza/models/BaseFrame.lua\"]:99>"
    },
    {
        "logtime": "2021/05/26 03:10:46",
        "logdata": "[string \"game/yule/oxeight/src/views/layer/GameViewLayer.lua\"]:3042: bad argument #2 to 'format' (number expected, got nil)\nstack traceback:\n\t[string \"game/yule/oxeight/src/views/layer/GameViewLayer.lua\"]:3042: in function 'showRoomRule'\n\t[string \"game/yule/oxeight/src/views/GameLayer.lua\"]:530: in function 'onSceneFree'\n\t[string \"game/yule/oxeight/src/views/GameLayer.lua\"]:436: in function 'onEventGameScene'\n\t[string \"client/src/plaza/models/GameFrameEngine.lua\"]:859: in function 'onSocketFrameEvent'\n\t[string \"client/src/plaza/models/GameFrameEngine.lua\"]:140: in function 'onSocketEvent'\n\t[string \"client/src/plaza/models/BaseFrame.lua\"]:145: in function 'onSocketCallBack'\n\t[string \"client/src/plaza/models/BaseFrame.lua\"]:100: in function <[string \"client/src/plaza/models/BaseFrame.lua\"]:99>"
    },
    {
        "logtime": "2021/05/26 03:10:47",
        "logdata": "[string \"game/yule/oxeight/src/views/layer/GameViewLayer.lua\"]:3042: bad argument #2 to 'format' (number expected, got nil)\nstack traceback:\n\t[string \"game/yule/oxeight/src/views/layer/GameViewLayer.lua\"]:3042: in function 'showRoomRule'\n\t[string \"game/yule/oxeight/src/views/GameLayer.lua\"]:530: in function 'onSceneFree'\n\t[string \"game/yule/oxeight/src/views/GameLayer.lua\"]:436: in function 'onEventGameScene'\n\t[string \"client/src/plaza/models/GameFrameEngine.lua\"]:859: in function 'onSocketFrameEvent'\n\t[string \"client/src/plaza/models/GameFrameEngine.lua\"]:140: in function 'onSocketEvent'\n\t[string \"client/src/plaza/models/BaseFrame.lua\"]:145: in function 'onSocketCallBack'\n\t[string \"client/src/plaza/models/BaseFrame.lua\"]:100: in function <[string \"client/src/plaza/models/BaseFrame.lua\"]:99>"
    },
    {
        "logtime": "2021/05/26 03:10:47",
        "logdata": "[string \"game/yule/oxeight/src/views/layer/GameViewLayer.lua\"]:3042: bad argument #2 to 'format' (number expected, got nil)\nstack traceback:\n\t[string \"game/yule/oxeight/src/views/layer/GameViewLayer.lua\"]:3042: in function 'showRoomRule'\n\t[string \"game/yule/oxeight/src/views/GameLayer.lua\"]:530: in function 'onSceneFree'\n\t[string \"game/yule/oxeight/src/views/GameLayer.lua\"]:436: in function 'onEventGameScene'\n\t[string \"client/src/plaza/models/GameFrameEngine.lua\"]:859: in function 'onSocketFrameEvent'\n\t[string \"client/src/plaza/models/GameFrameEngine.lua\"]:140: in function 'onSocketEvent'\n\t[string \"client/src/plaza/models/BaseFrame.lua\"]:145: in function 'onSocketCallBack'\n\t[string \"client/src/plaza/models/BaseFrame.lua\"]:100: in function <[string \"client/src/plaza/models/BaseFrame.lua\"]:99>"
    },
    {
        "logtime": "2021/05/26 03:10:47",
        "logdata": "[string \"game/yule/oxeight/src/views/layer/GameViewLayer.lua\"]:3042: bad argument #2 to 'format' (number expected, got nil)\nstack traceback:\n\t[string \"game/yule/oxeight/src/views/layer/GameViewLayer.lua\"]:3042: in function 'showRoomRule'\n\t[string \"game/yule/oxeight/src/views/GameLayer.lua\"]:530: in function 'onSceneFree'\n\t[string \"game/yule/oxeight/src/views/GameLayer.lua\"]:436: in function 'onEventGameScene'\n\t[string \"client/src/plaza/models/GameFrameEngine.lua\"]:859: in function 'onSocketFrameEvent'\n\t[string \"client/src/plaza/models/GameFrameEngine.lua\"]:140: in function 'onSocketEvent'\n\t[string \"client/src/plaza/models/BaseFrame.lua\"]:145: in function 'onSocketCallBack'\n\t[string \"client/src/plaza/models/BaseFrame.lua\"]:100: in function <[string \"client/src/plaza/models/BaseFrame.lua\"]:99>"
    },
    {
        "logtime": "2021/05/26 03:10:48",
        "logdata": "[string \"game/yule/oxeight/src/views/layer/GameViewLayer.lua\"]:3042: bad argument #2 to 'format' (number expected, got nil)\nstack traceback:\n\t[string \"game/yule/oxeight/src/views/layer/GameViewLayer.lua\"]:3042: in function 'showRoomRule'\n\t[string \"game/yule/oxeight/src/views/GameLayer.lua\"]:530: in function 'onSceneFree'\n\t[string \"game/yule/oxeight/src/views/GameLayer.lua\"]:436: in function 'onEventGameScene'\n\t[string \"client/src/plaza/models/GameFrameEngine.lua\"]:859: in function 'onSocketFrameEvent'\n\t[string \"client/src/plaza/models/GameFrameEngine.lua\"]:140: in function 'onSocketEvent'\n\t[string \"client/src/plaza/models/BaseFrame.lua\"]:145: in function 'onSocketCallBack'\n\t[string \"client/src/plaza/models/BaseFrame.lua\"]:100: in function <[string \"client/src/plaza/models/BaseFrame.lua\"]:99>"
    },
    {
        "logtime": "2021/05/26 03:10:49",
        "logdata": "[string \"game/yule/oxeight/src/views/layer/GameViewLayer.lua\"]:3042: bad argument #2 to 'format' (number expected, got nil)\nstack traceback:\n\t[string \"game/yule/oxeight/src/views/layer/GameViewLayer.lua\"]:3042: in function 'showRoomRule'\n\t[string \"game/yule/oxeight/src/views/GameLayer.lua\"]:530: in function 'onSceneFree'\n\t[string \"game/yule/oxeight/src/views/GameLayer.lua\"]:436: in function 'onEventGameScene'\n\t[string \"client/src/plaza/models/GameFrameEngine.lua\"]:859: in function 'onSocketFrameEvent'\n\t[string \"client/src/plaza/models/GameFrameEngine.lua\"]:140: in function 'onSocketEvent'\n\t[string \"client/src/plaza/models/BaseFrame.lua\"]:145: in function 'onSocketCallBack'\n\t[string \"client/src/plaza/models/BaseFrame.lua\"]:100: in function <[string \"client/src/plaza/models/BaseFrame.lua\"]:99>"
    },
    {
        "logtime": "2021/05/26 03:10:49",
        "logdata": "[string \"game/yule/oxeight/src/views/layer/GameViewLayer.lua\"]:3042: bad argument #2 to 'format' (number expected, got nil)\nstack traceback:\n\t[string \"game/yule/oxeight/src/views/layer/GameViewLayer.lua\"]:3042: in function 'showRoomRule'\n\t[string \"game/yule/oxeight/src/views/GameLayer.lua\"]:530: in function 'onSceneFree'\n\t[string \"game/yule/oxeight/src/views/GameLayer.lua\"]:436: in function 'onEventGameScene'\n\t[string \"client/src/plaza/models/GameFrameEngine.lua\"]:859: in function 'onSocketFrameEvent'\n\t[string \"client/src/plaza/models/GameFrameEngine.lua\"]:140: in function 'onSocketEvent'\n\t[string \"client/src/plaza/models/BaseFrame.lua\"]:145: in function 'onSocketCallBack'\n\t[string \"client/src/plaza/models/BaseFrame.lua\"]:100: in function <[string \"client/src/plaza/models/BaseFrame.lua\"]:99>"
    }
]