生成启动时间为 2021/5/26 15:09:05。
     1>项目“D:\whdlm\server\系统模块\客户端组件\界面控件\SkinControl.vcxproj”在节点 6 上(Build 个目标)。
     1>C:\Program Files (x86)\MSBuild\Microsoft.Cpp\v4.0\V120\Microsoft.CppBuild.targets(1193,5): warning MSB8012: TargetPath(D:\whdlm\server\系统模块\客户端组件\界面控件\Release\界面控件.dll) does not match the Linker's OutputFile property value (D:\whdlm\server\运行\Release\Ansi\SkinControl.dll). This may cause your project to build incorrectly. To correct this, please make sure that $(OutDir), $(TargetName) and $(TargetExt) property values match the value specified in %(Link.OutputFile).
     1>C:\Program Files (x86)\MSBuild\Microsoft.Cpp\v4.0\V120\Microsoft.CppBuild.targets(1195,5): warning MSB8012: TargetName(界面控件) does not match the Linker's OutputFile property value (SkinControl). This may cause your project to build incorrectly. To correct this, please make sure that $(OutDir), $(TargetName) and $(TargetExt) property values match the value specified in %(Link.OutputFile).
     1>Link:
         C:\Program Files (x86)\Microsoft Visual Studio 12.0\VC\bin\link.exe /ERRORREPORT:PROMPT /OUT:"../../../运行/Release/Ansi/SkinControl.dll" /INCREMENTAL:NO /NOLOGO /DEF:".\SkinControl.def" /MANIFEST /MANIFESTUAC:"level='asInvoker' uiAccess='false'" /manifest:embed /manifestinput:"C:\Program Files (x86)\Microsoft Visual Studio 12.0\VC\Include\Manifest\dpiaware.manifest" /DEBUG /PDB:"Release\界面控件.pdb" /SUBSYSTEM:WINDOWS /OPT:REF /OPT:ICF /TLBID:1 /DYNAMICBASE /NXCOMPAT /IMPLIB:"../../链接库/Ansi/SkinControl.lib" /MACHINE:X86 /SAFESEH /DLL Release\SkinControl.res
         Release\SkinButton.obj
         Release\SkinComboBox.obj
         Release\SkinControl.obj
         Release\SkinDialog.obj
         Release\SkinDpi.obj
         Release\SkinEdit.obj
         Release\SkinEncircle.obj
         Release\SkinHyperLink.obj
         Release\SkinListCtrl.obj
         Release\SkinMenu.obj
         Release\SkinRenderManager.obj
         Release\SkinResourceManager.obj
         Release\SkinRichEdit.obj
         Release\SkinScrollBar.obj
         Release\SkinSplitter.obj
         Release\SkinTabCtrl.obj
         Release\Stdafx.obj
     1>Detours.lib(detours.obj) : error LNK2026: 模块对于 SAFESEH 映像是不安全的。
     1>Detours.lib(disasm.obj) : error LNK2026: 模块对于 SAFESEH 映像是不安全的。
            正在创建库 ../../链接库/Ansi/SkinControl.lib 和对象 ../../链接库/Ansi/SkinControl.exp
     1>../../../运行/Release/Ansi/SkinControl.dll : fatal error LNK1281: 无法生成 SAFESEH 映像。
     1>已完成生成项目“D:\whdlm\server\系统模块\客户端组件\界面控件\SkinControl.vcxproj”(Build 个目标)的操作 - 失败。

生成失败。

已用时间 00:00:01.07
