g:\svn\dlm\服务端\游戏组件\旗舰版游戏\森林舞会\游戏服务器\release_unicode\3dslwgserver.lib
g:\svn\dlm\服务端\游戏组件\旗舰版游戏\森林舞会\游戏服务器\release_unicode\3dslwgserver.exp
g:\svn\dlm\服务端\中间目录\游戏组件\森林王国\服务器\release_unicode\3dslwgserver.pch
g:\svn\dlm\服务端\中间目录\游戏组件\森林王国\服务器\release_unicode\vc140.pdb
g:\svn\dlm\服务端\中间目录\游戏组件\森林王国\服务器\release_unicode\stdafx.obj
g:\svn\dlm\服务端\中间目录\游戏组件\森林王国\服务器\release_unicode\tinyxmlparser.obj
g:\svn\dlm\服务端\中间目录\游戏组件\森林王国\服务器\release_unicode\tinyxmlerror.obj
g:\svn\dlm\服务端\中间目录\游戏组件\森林王国\服务器\release_unicode\tinyxml.obj
g:\svn\dlm\服务端\中间目录\游戏组件\森林王国\服务器\release_unicode\tinystr.obj
g:\svn\dlm\服务端\中间目录\游戏组件\森林王国\服务器\release_unicode\testanimal.obj
g:\svn\dlm\服务端\中间目录\游戏组件\森林王国\服务器\release_unicode\tableframesink.obj
g:\svn\dlm\服务端\中间目录\游戏组件\森林王国\服务器\release_unicode\pugixml.obj
g:\svn\dlm\服务端\中间目录\游戏组件\森林王国\服务器\release_unicode\log.obj
g:\svn\dlm\服务端\中间目录\游戏组件\森林王国\服务器\release_unicode\basiclogger.obj
g:\svn\dlm\服务端\中间目录\游戏组件\森林王国\服务器\release_unicode\gameservermanager.obj
g:\svn\dlm\服务端\中间目录\游戏组件\森林王国\服务器\release_unicode\gameserver.obj
g:\svn\dlm\服务端\中间目录\游戏组件\森林王国\服务器\release_unicode\gamelogic.obj
g:\svn\dlm\服务端\中间目录\游戏组件\森林王国\服务器\release_unicode\animalcfg.obj
g:\svn\dlm\服务端\中间目录\游戏组件\森林王国\服务器\release_unicode\androiduseritemsink.obj
g:\svn\dlm\服务端\运行\release\unicode\3dslwgserver.dll
g:\svn\dlm\服务端\中间目录\游戏组件\森林王国\服务器\release_unicode\gameserver.res
d:\qijianban\laok\服务端\中间目录\游戏组件\森林王国\服务器\release_unicode\msado15.tli
d:\qijianban\laok\服务端\中间目录\游戏组件\森林王国\服务器\release_unicode\msado15.tlh
d:\qijianban\laok\服务端\中间目录\游戏组件\森林王国\服务器\release_unicode\gameserver.res
d:\qijianban\laok\服务端\中间目录\游戏组件\森林王国\服务器\release_unicode\614.森林王国.tlog\614.森林王国.write.1u.tlog
d:\qijianban\laok\服务端\中间目录\游戏组件\森林王国\服务器\release_unicode\614.森林王国.tlog\cl.command.1.tlog
d:\qijianban\laok\服务端\中间目录\游戏组件\森林王国\服务器\release_unicode\614.森林王国.tlog\cl.read.1.tlog
d:\qijianban\laok\服务端\中间目录\游戏组件\森林王国\服务器\release_unicode\614.森林王国.tlog\cl.write.1.tlog
d:\qijianban\laok\服务端\中间目录\游戏组件\森林王国\服务器\release_unicode\614.森林王国.tlog\link.command.1.tlog
d:\qijianban\laok\服务端\中间目录\游戏组件\森林王国\服务器\release_unicode\614.森林王国.tlog\link.read.1.tlog
d:\qijianban\laok\服务端\中间目录\游戏组件\森林王国\服务器\release_unicode\614.森林王国.tlog\link.write.1.tlog
d:\qijianban\laok\服务端\中间目录\游戏组件\森林王国\服务器\release_unicode\614.森林王国.tlog\rc.command.1.tlog
d:\qijianban\laok\服务端\中间目录\游戏组件\森林王国\服务器\release_unicode\614.森林王国.tlog\rc.read.1.tlog
d:\qijianban\laok\服务端\中间目录\游戏组件\森林王国\服务器\release_unicode\614.森林王国.tlog\rc.write.1.tlog
