g:\svn\dlm\服务端\中间目录\游戏组件\百人牛牛\游戏服务器\release_unicode\oxbattleserver.pch
g:\svn\dlm\服务端\中间目录\游戏组件\百人牛牛\游戏服务器\release_unicode\vc140.pdb
g:\svn\dlm\服务端\中间目录\游戏组件\百人牛牛\游戏服务器\release_unicode\vc140.idb
g:\svn\dlm\服务端\中间目录\游戏组件\百人牛牛\游戏服务器\release_unicode\stdafx.obj
g:\svn\dlm\服务端\中间目录\游戏组件\百人牛牛\游戏服务器\release_unicode\tableframesink.obj
g:\svn\dlm\服务端\中间目录\游戏组件\百人牛牛\游戏服务器\release_unicode\historyscore.obj
g:\svn\dlm\服务端\中间目录\游戏组件\百人牛牛\游戏服务器\release_unicode\gameservicemanager.obj
g:\svn\dlm\服务端\中间目录\游戏组件\百人牛牛\游戏服务器\release_unicode\gameserver.obj
g:\svn\dlm\服务端\中间目录\游戏组件\百人牛牛\游戏服务器\release_unicode\gamelogic.obj
g:\svn\dlm\服务端\中间目录\游戏组件\百人牛牛\游戏服务器\release_unicode\dlgcustomrule.obj
g:\svn\dlm\服务端\运行\release\unicode\oxbattleserver.dll
g:\svn\dlm\服务端\运行\release\unicode\oxbattleserver.map
g:\svn\dlm\服务端\运行\release\unicode\oxbattleserver.pdb
g:\svn\dlm\服务端\中间目录\游戏组件\百人牛牛\游戏服务器\release_unicode\gameserver.res
g:\svn\dlm\服务端\运行\release\unicode\gameserver.lib
g:\svn\dlm\服务端\运行\release\unicode\gameserver.exp
d:\qijianban\laok\服务端\中间目录\游戏组件\百人牛牛\游戏服务器\release_unicode\flash.tli
d:\qijianban\laok\服务端\中间目录\游戏组件\百人牛牛\游戏服务器\release_unicode\msado15.tli
d:\qijianban\laok\服务端\中间目录\游戏组件\百人牛牛\游戏服务器\release_unicode\flash.tlh
d:\qijianban\laok\服务端\中间目录\游戏组件\百人牛牛\游戏服务器\release_unicode\msado15.tlh
d:\qijianban\laok\服务端\中间目录\游戏组件\百人牛牛\游戏服务器\release_unicode\gameserver.res
d:\qijianban\laok\服务端\中间目录\游戏组件\百人牛牛\游戏服务器\release_unicode\游戏服务器.tlog\cl.command.1.tlog
d:\qijianban\laok\服务端\中间目录\游戏组件\百人牛牛\游戏服务器\release_unicode\游戏服务器.tlog\cl.read.1.tlog
d:\qijianban\laok\服务端\中间目录\游戏组件\百人牛牛\游戏服务器\release_unicode\游戏服务器.tlog\cl.write.1.tlog
d:\qijianban\laok\服务端\中间目录\游戏组件\百人牛牛\游戏服务器\release_unicode\游戏服务器.tlog\link.command.1.tlog
d:\qijianban\laok\服务端\中间目录\游戏组件\百人牛牛\游戏服务器\release_unicode\游戏服务器.tlog\link.read.1.tlog
d:\qijianban\laok\服务端\中间目录\游戏组件\百人牛牛\游戏服务器\release_unicode\游戏服务器.tlog\link.write.1.tlog
d:\qijianban\laok\服务端\中间目录\游戏组件\百人牛牛\游戏服务器\release_unicode\游戏服务器.tlog\rc.command.1.tlog
d:\qijianban\laok\服务端\中间目录\游戏组件\百人牛牛\游戏服务器\release_unicode\游戏服务器.tlog\rc.read.1.tlog
d:\qijianban\laok\服务端\中间目录\游戏组件\百人牛牛\游戏服务器\release_unicode\游戏服务器.tlog\rc.write.1.tlog
d:\qijianban\laok\服务端\中间目录\游戏组件\百人牛牛\游戏服务器\release_unicode\游戏服务器.tlog\游戏服务器.write.1u.tlog
