  Stdafx.cpp
C:\Program Files (x86)\Microsoft Visual Studio 14.0\VC\atlmfc\include\atlplus.h(26): warning C4467: 已弃用 ATL 属性的使用情况
d:\qijianban\laok\服务端\游戏组件\开发库\include\AndroidUserItem.h(235): warning C4244: “return”: 从“WORD”转换到“BYTE”，可能丢失数据
d:\qijianban\laok\服务端\游戏组件\开发库\include\Core/UIManager.h(45): warning C4091: “typedef ”: 没有声明变量时忽略“EVENTTYPE_UI”的左侧
  DlgCustomRule.cpp
  DlgPersonalRule.cpp
  GameLogic.cpp
  GameServer.cpp
  GameServerManager.cpp
d:\qijianban\laok\服务端\游戏组件\老k子游戏\浙江十三水\游戏服务器\..\..\..\..\系统模块\全局定义\Log.h(76): warning C4996: '_vsnwprintf': This function or variable may be unsafe. Consider using _vsnwprintf_s instead. To disable deprecation, use _CRT_SECURE_NO_WARNINGS. See online help for details.
  C:\Program Files (x86)\Windows Kits\10\Include\10.0.10240.0\ucrt\corecrt_wstdio.h(1120): note: 参见“_vsnwprintf”的声明
  HistoryScore.cpp
  TableFrameSink.cpp
d:\qijianban\laok\服务端\游戏组件\老k子游戏\浙江十三水\游戏服务器\..\..\..\..\系统模块\全局定义\Log.h(76): warning C4996: '_vsnwprintf': This function or variable may be unsafe. Consider using _vsnwprintf_s instead. To disable deprecation, use _CRT_SECURE_NO_WARNINGS. See online help for details.
  C:\Program Files (x86)\Windows Kits\10\Include\10.0.10240.0\ucrt\corecrt_wstdio.h(1120): note: 参见“_vsnwprintf”的声明
TableFrameSink.cpp(3054): warning C4996: '_swprintf': This function or variable may be unsafe. Consider using _swprintf_s instead. To disable deprecation, use _CRT_SECURE_NO_WARNINGS. See online help for details.
  C:\Program Files (x86)\Windows Kits\10\Include\10.0.10240.0\ucrt\corecrt_wstdio.h(1444): note: 参见“_swprintf”的声明
  正在生成代码...
d:\qijianban\laok\服务端\游戏组件\老k子游戏\浙江十三水\游戏服务器\tableframesink.cpp(2800): warning C4700: 使用了未初始化的局部变量“lMinAndroidScore”
    正在创建库 ../../../../运行/Release/Unicode/GameServer.lib 和对象 ../../../../运行/Release/Unicode/GameServer.exp
  GameServer.vcxproj -> D:\qijianban\laok\服务端\游戏组件\老K子游戏\浙江十三水\游戏服务器\../../../../运行/Release/Unicode/ThirteenZJServer.dll
  GameServer.vcxproj -> ../../../../运行/Release/Unicode/ThirteenZJServer.pdb (Full PDB)
  子目录或文件 ..\..\..\发布组件\服务器组件\Release\Unicode\ 已经存在。
  已复制         1 个文件。
