  Stdafx.cpp
C:\Program Files (x86)\Microsoft Visual Studio 14.0\VC\atlmfc\include\atlplus.h(26): warning C4467: 已弃用 ATL 属性的使用情况
d:\qijianban\laok\服务端\游戏组件\开发库\include\AndroidUserItem.h(235): warning C4244: “return”: 从“WORD”转换到“BYTE”，可能丢失数据
d:\qijianban\laok\服务端\游戏组件\开发库\include\Core/UIManager.h(45): warning C4091: “typedef ”: 没有声明变量时忽略“EVENTTYPE_UI”的左侧
  CardHelper.cpp
CardHelper.cpp(760): warning C4018: “<”: 有符号/无符号不匹配
CardHelper.cpp(981): warning C4018: “<”: 有符号/无符号不匹配
  CLog.cpp
CLog.cpp(45): warning C4996: 'localtime': This function or variable may be unsafe. Consider using localtime_s instead. To disable deprecation, use _CRT_SECURE_NO_WARNINGS. See online help for details.
  C:\Program Files (x86)\Windows Kits\10\Include\10.0.10240.0\ucrt\time.h(505): note: 参见“localtime”的声明
CLog.cpp(55): warning C4996: 'localtime': This function or variable may be unsafe. Consider using localtime_s instead. To disable deprecation, use _CRT_SECURE_NO_WARNINGS. See online help for details.
  C:\Program Files (x86)\Windows Kits\10\Include\10.0.10240.0\ucrt\time.h(505): note: 参见“localtime”的声明
  DlgCustomRule.cpp
  DlgPersonalRule.cpp
  GameLogic.cpp
  GameServer.cpp
  GameServerManager.cpp
  HistoryScore.cpp
  TableDebug.cpp
  TableFrameSink.cpp
  正在生成代码...
    正在创建库 ../../../../运行/Release/Unicode/GameServer.lib 和对象 ../../../../运行/Release/Unicode/GameServer.exp
  GameServer.vcxproj -> D:\qijianban\laok\服务端\游戏组件\老K子游戏\八人牛牛\游戏服务器\../../../../运行/Release/Unicode/OxEightServer.dll
  GameServer.vcxproj -> ../../../../运行/Release/Unicode/OxEightServer.pdb (Full PDB)
  子目录或文件 ..\..\..\发布组件\服务器组件\Release\Unicode\ 已经存在。
  已复制         1 个文件。
