g:\svn\dlm\服务端\中间目录\游戏组件\百人牛牛\服务器调试\release_unicode\oxbattleserverdebug.pch
g:\svn\dlm\服务端\中间目录\游戏组件\百人牛牛\服务器调试\release_unicode\vc140.pdb
g:\svn\dlm\服务端\中间目录\游戏组件\百人牛牛\服务器调试\release_unicode\stdafx.obj
g:\svn\dlm\服务端\中间目录\游戏组件\百人牛牛\服务器调试\release_unicode\serverdebugitemsink.obj
g:\svn\dlm\服务端\中间目录\游戏组件\百人牛牛\服务器调试\release_unicode\serverdebug.obj
g:\svn\dlm\服务端\中间目录\游戏组件\百人牛牛\服务器调试\release_unicode\gamelogic.obj
g:\svn\dlm\服务端\运行\release\unicode\oxbattleserverdebug.dll
g:\svn\dlm\服务端\运行\release\unicode\oxbattleserverdebug.pdb
g:\svn\dlm\服务端\中间目录\游戏组件\百人牛牛\服务器调试\release_unicode\serverdebug.res
g:\svn\dlm\服务端\运行\release\unicode\serverdebug.lib
g:\svn\dlm\服务端\运行\release\unicode\serverdebug.exp
d:\qijianban\laok\服务端\中间目录\游戏组件\百人牛牛\服务器调试\release_unicode\flash.tli
d:\qijianban\laok\服务端\中间目录\游戏组件\百人牛牛\服务器调试\release_unicode\msado15.tli
d:\qijianban\laok\服务端\中间目录\游戏组件\百人牛牛\服务器调试\release_unicode\flash.tlh
d:\qijianban\laok\服务端\中间目录\游戏组件\百人牛牛\服务器调试\release_unicode\msado15.tlh
d:\qijianban\laok\服务端\中间目录\游戏组件\百人牛牛\服务器调试\release_unicode\serverdebug.res
d:\qijianban\laok\服务端\中间目录\游戏组件\百人牛牛\服务器调试\release_unicode\服务器调试.tlog\cl.command.1.tlog
d:\qijianban\laok\服务端\中间目录\游戏组件\百人牛牛\服务器调试\release_unicode\服务器调试.tlog\cl.read.1.tlog
d:\qijianban\laok\服务端\中间目录\游戏组件\百人牛牛\服务器调试\release_unicode\服务器调试.tlog\cl.write.1.tlog
d:\qijianban\laok\服务端\中间目录\游戏组件\百人牛牛\服务器调试\release_unicode\服务器调试.tlog\link.command.1.tlog
d:\qijianban\laok\服务端\中间目录\游戏组件\百人牛牛\服务器调试\release_unicode\服务器调试.tlog\link.read.1.tlog
d:\qijianban\laok\服务端\中间目录\游戏组件\百人牛牛\服务器调试\release_unicode\服务器调试.tlog\link.write.1.tlog
d:\qijianban\laok\服务端\中间目录\游戏组件\百人牛牛\服务器调试\release_unicode\服务器调试.tlog\rc.command.1.tlog
d:\qijianban\laok\服务端\中间目录\游戏组件\百人牛牛\服务器调试\release_unicode\服务器调试.tlog\rc.read.1.tlog
d:\qijianban\laok\服务端\中间目录\游戏组件\百人牛牛\服务器调试\release_unicode\服务器调试.tlog\rc.write.1.tlog
d:\qijianban\laok\服务端\中间目录\游戏组件\百人牛牛\服务器调试\release_unicode\服务器调试.tlog\服务器调试.write.1u.tlog
