g:\svn\dlm\服务端\中间目录\游戏组件\百人牛牛\客户端调试\release_unicode\oxbattleclientdebug.pch
g:\svn\dlm\服务端\中间目录\游戏组件\百人牛牛\客户端调试\release_unicode\vc140.pdb
g:\svn\dlm\服务端\中间目录\游戏组件\百人牛牛\客户端调试\release_unicode\stdafx.obj
g:\svn\dlm\服务端\中间目录\游戏组件\百人牛牛\客户端调试\release_unicode\dialogdexter.obj
g:\svn\dlm\服务端\中间目录\游戏组件\百人牛牛\客户端调试\release_unicode\clientdebug.obj
g:\svn\dlm\服务端\中间目录\游戏组件\百人牛牛\客户端调试\release_unicode\clientconfigdlg.obj
g:\svn\dlm\服务端\运行\release\unicode\oxbattleclientdebug.dll
g:\svn\dlm\服务端\运行\release\unicode\oxbattleclientdebug.pdb
g:\svn\dlm\服务端\中间目录\游戏组件\百人牛牛\客户端调试\release_unicode\clientdebug.res
g:\svn\dlm\服务端\运行\release\unicode\clientcontrol.lib
g:\svn\dlm\服务端\运行\release\unicode\clientcontrol.exp
d:\qijianban\laok\服务端\中间目录\游戏组件\百人牛牛\客户端调试\release_unicode\flash.tli
d:\qijianban\laok\服务端\中间目录\游戏组件\百人牛牛\客户端调试\release_unicode\flash.tlh
d:\qijianban\laok\服务端\中间目录\游戏组件\百人牛牛\客户端调试\release_unicode\clientdebug.res
d:\qijianban\laok\服务端\中间目录\游戏组件\百人牛牛\客户端调试\release_unicode\客户端调试.tlog\cl.command.1.tlog
d:\qijianban\laok\服务端\中间目录\游戏组件\百人牛牛\客户端调试\release_unicode\客户端调试.tlog\cl.read.1.tlog
d:\qijianban\laok\服务端\中间目录\游戏组件\百人牛牛\客户端调试\release_unicode\客户端调试.tlog\cl.write.1.tlog
d:\qijianban\laok\服务端\中间目录\游戏组件\百人牛牛\客户端调试\release_unicode\客户端调试.tlog\link.command.1.tlog
d:\qijianban\laok\服务端\中间目录\游戏组件\百人牛牛\客户端调试\release_unicode\客户端调试.tlog\link.read.1.tlog
d:\qijianban\laok\服务端\中间目录\游戏组件\百人牛牛\客户端调试\release_unicode\客户端调试.tlog\link.write.1.tlog
d:\qijianban\laok\服务端\中间目录\游戏组件\百人牛牛\客户端调试\release_unicode\客户端调试.tlog\rc.command.1.tlog
d:\qijianban\laok\服务端\中间目录\游戏组件\百人牛牛\客户端调试\release_unicode\客户端调试.tlog\rc.read.1.tlog
d:\qijianban\laok\服务端\中间目录\游戏组件\百人牛牛\客户端调试\release_unicode\客户端调试.tlog\rc.write.1.tlog
d:\qijianban\laok\服务端\中间目录\游戏组件\百人牛牛\客户端调试\release_unicode\客户端调试.tlog\客户端调试.write.1u.tlog
