e:\laok\服务端\中间目录\游戏服务器\release_unicode\gameserver.pch
e:\laok\服务端\中间目录\游戏服务器\release_unicode\vc140.pdb
e:\laok\服务端\中间目录\游戏服务器\release_unicode\vc140.idb
e:\laok\服务端\中间目录\游戏服务器\release_unicode\stdafx.obj
e:\laok\服务端\中间目录\游戏服务器\release_unicode\log.obj
e:\laok\服务端\中间目录\游戏服务器\release_unicode\tableframe.obj
e:\laok\服务端\中间目录\游戏服务器\release_unicode\serviceunits.obj
e:\laok\服务端\中间目录\游戏服务器\release_unicode\serverlistmanager.obj
e:\laok\服务端\中间目录\游戏服务器\release_unicode\sensitivewordsfilter.obj
e:\laok\服务端\中间目录\游戏服务器\release_unicode\initparameter.obj
e:\laok\服务端\中间目录\游戏服务器\release_unicode\gameserverdlg.obj
e:\laok\服务端\中间目录\游戏服务器\release_unicode\gameserver.obj
e:\laok\服务端\中间目录\游戏服务器\release_unicode\gamepropertylistmanager.obj
e:\laok\服务端\中间目录\游戏服务器\release_unicode\distributemanager.obj
e:\laok\服务端\中间目录\游戏服务器\release_unicode\dbcorrespondmanager.obj
e:\laok\服务端\中间目录\游戏服务器\release_unicode\databaseenginesink.obj
e:\laok\服务端\中间目录\游戏服务器\release_unicode\attemperenginesink.obj
e:\laok\服务端\运行\release\unicode\gameserver.exe
e:\laok\服务端\运行\release\unicode\gameserver.map
e:\laok\服务端\中间目录\游戏服务器\release_unicode\gameserver.pdb
e:\laok\服务端\中间目录\游戏服务器\release_unicode\gameserver.res
d:\qijianban\laok\服务端\中间目录\游戏服务器\release_unicode\msado15.tli
d:\qijianban\laok\服务端\中间目录\游戏服务器\release_unicode\msado15.tlh
d:\qijianban\laok\服务端\中间目录\游戏服务器\release_unicode\gameserver.res
d:\qijianban\laok\服务端\系统模块\服务器组件\游戏服务器\../../../运行/release/unicode/gameserver.exe
d:\qijianban\laok\服务端\中间目录\游戏服务器\release_unicode\游戏服务器.tlog\cl.command.1.tlog
d:\qijianban\laok\服务端\中间目录\游戏服务器\release_unicode\游戏服务器.tlog\cl.read.1.tlog
d:\qijianban\laok\服务端\中间目录\游戏服务器\release_unicode\游戏服务器.tlog\cl.write.1.tlog
d:\qijianban\laok\服务端\中间目录\游戏服务器\release_unicode\游戏服务器.tlog\link.command.1.tlog
d:\qijianban\laok\服务端\中间目录\游戏服务器\release_unicode\游戏服务器.tlog\link.read.1.tlog
d:\qijianban\laok\服务端\中间目录\游戏服务器\release_unicode\游戏服务器.tlog\link.write.1.tlog
d:\qijianban\laok\服务端\中间目录\游戏服务器\release_unicode\游戏服务器.tlog\rc.command.1.tlog
d:\qijianban\laok\服务端\中间目录\游戏服务器\release_unicode\游戏服务器.tlog\rc.read.1.tlog
d:\qijianban\laok\服务端\中间目录\游戏服务器\release_unicode\游戏服务器.tlog\rc.write.1.tlog
