e:\laok\服务端\中间目录\登录服务器\release_unicode\logonserver.pch
e:\laok\服务端\中间目录\登录服务器\release_unicode\vc140.pdb
e:\laok\服务端\中间目录\登录服务器\release_unicode\stdafx.obj
e:\laok\服务端\中间目录\登录服务器\release_unicode\log.obj
e:\laok\服务端\中间目录\登录服务器\release_unicode\serviceunits.obj
e:\laok\服务端\中间目录\登录服务器\release_unicode\serverlistmanager.obj
e:\laok\服务端\中间目录\登录服务器\release_unicode\logonserverdlg.obj
e:\laok\服务端\中间目录\登录服务器\release_unicode\logonserver.obj
e:\laok\服务端\中间目录\登录服务器\release_unicode\initparameter.obj
e:\laok\服务端\中间目录\登录服务器\release_unicode\gamepropertylistmanager.obj
e:\laok\服务端\中间目录\登录服务器\release_unicode\flashaccredit.obj
e:\laok\服务端\中间目录\登录服务器\release_unicode\databaseenginesink.obj
e:\laok\服务端\中间目录\登录服务器\release_unicode\attemperenginesink.obj
e:\laok\服务端\运行\release\unicode\logonserver.exe
e:\laok\服务端\中间目录\登录服务器\release_unicode\logonserver.pdb
e:\laok\服务端\中间目录\登录服务器\release_unicode\logonserver.res
d:\qijianban\laok\服务端\中间目录\登录服务器\release_unicode\msado15.tli
d:\qijianban\laok\服务端\中间目录\登录服务器\release_unicode\msado15.tlh
d:\qijianban\laok\服务端\中间目录\登录服务器\release_unicode\logonserver.res
d:\qijianban\laok\服务端\系统模块\服务器组件\登录服务器\../../../运行/release/unicode/logonserver.exe
d:\qijianban\laok\服务端\中间目录\登录服务器\release_unicode\登录服务器.tlog\cl.command.1.tlog
d:\qijianban\laok\服务端\中间目录\登录服务器\release_unicode\登录服务器.tlog\cl.read.1.tlog
d:\qijianban\laok\服务端\中间目录\登录服务器\release_unicode\登录服务器.tlog\cl.write.1.tlog
d:\qijianban\laok\服务端\中间目录\登录服务器\release_unicode\登录服务器.tlog\link.command.1.tlog
d:\qijianban\laok\服务端\中间目录\登录服务器\release_unicode\登录服务器.tlog\link.read.1.tlog
d:\qijianban\laok\服务端\中间目录\登录服务器\release_unicode\登录服务器.tlog\link.write.1.tlog
d:\qijianban\laok\服务端\中间目录\登录服务器\release_unicode\登录服务器.tlog\rc.command.1.tlog
d:\qijianban\laok\服务端\中间目录\登录服务器\release_unicode\登录服务器.tlog\rc.read.1.tlog
d:\qijianban\laok\服务端\中间目录\登录服务器\release_unicode\登录服务器.tlog\rc.write.1.tlog
