生成启动时间为 2020/11/2 5:04:34。
     1>项目“D:\BaiduNetdiskDownload\藏宝库新大联盟\server\系统模块\服务器组件\登录服务器\LogonServer.vcxproj”在节点 2 上(Build 个目标)。
     1>ClCompile:
         C:\Program Files (x86)\Microsoft Visual Studio 12.0\VC\bin\CL.exe /c /Zi /nologo /W3 /WX- /Od /Oy- /D WIN32 /D _WINDOWS /D NDEBUG /D _UNICODE /D _UNICODE /D UNICODE /D _AFXDLL /Gm- /EHsc /MD /GS /fp:precise /Zc:wchar_t /Zc:forScope /Yc"stdafx.h" /Fp"../../../中间目录/登录服务器/Release_Unicode/LogonServer.pch" /Fo"../../../中间目录/登录服务器/Release_Unicode/" /Fd"../../../中间目录/登录服务器/Release_Unicode/vc120.pdb" /Gd /TP /analyze- /errorReport:prompt Stdafx.cpp
         Stdafx.cpp
     1>d:\baidunetdiskdownload\藏宝库新大联盟\server\系统模块\服务器组件\登录服务器\..\..\全局定义\Log.h(76): warning C4996: '_vsnwprintf': This function or variable may be unsafe. Consider using _vsnwprintf_s instead. To disable deprecation, use _CRT_SECURE_NO_WARNINGS. See online help for details.
                 C:\Program Files (x86)\Microsoft Visual Studio 12.0\VC\include\wchar.h(733) : 参见“_vsnwprintf”的声明
         C:\Program Files (x86)\Microsoft Visual Studio 12.0\VC\bin\CL.exe /c /Zi /nologo /W3 /WX- /Od /Oy- /D WIN32 /D _WINDOWS /D NDEBUG /D _UNICODE /D _UNICODE /D UNICODE /D _AFXDLL /Gm- /EHsc /MD /GS /fp:precise /Zc:wchar_t /Zc:forScope /Fo"../../../中间目录/登录服务器/Release_Unicode/" /Fd"../../../中间目录/登录服务器/Release_Unicode/vc120.pdb" /Gd /TP /analyze- /errorReport:prompt "..\..\全局定义\Log.cpp"
         Log.cpp
     1>d:\baidunetdiskdownload\藏宝库新大联盟\server\系统模块\全局定义\Log.h(76): warning C4996: '_vsnwprintf': This function or variable may be unsafe. Consider using _vsnwprintf_s instead. To disable deprecation, use _CRT_SECURE_NO_WARNINGS. See online help for details.
                 C:\Program Files (x86)\Microsoft Visual Studio 12.0\VC\include\stdio.h(477) : 参见“_vsnwprintf”的声明
     1>..\..\全局定义\Log.cpp(41): warning C4996: '_vsnprintf': This function or variable may be unsafe. Consider using _vsnprintf_s instead. To disable deprecation, use _CRT_SECURE_NO_WARNINGS. See online help for details.
                 C:\Program Files (x86)\Microsoft Visual Studio 12.0\VC\include\stdio.h(346) : 参见“_vsnprintf”的声明
     1>..\..\全局定义\Log.cpp(71): warning C4996: 'fopen': This function or variable may be unsafe. Consider using fopen_s instead. To disable deprecation, use _CRT_SECURE_NO_WARNINGS. See online help for details.
                 C:\Program Files (x86)\Microsoft Visual Studio 12.0\VC\include\stdio.h(211) : 参见“fopen”的声明
     1>..\..\全局定义\Log.cpp(92): warning C4996: '_vsnwprintf': This function or variable may be unsafe. Consider using _vsnwprintf_s instead. To disable deprecation, use _CRT_SECURE_NO_WARNINGS. See online help for details.
                 C:\Program Files (x86)\Microsoft Visual Studio 12.0\VC\include\stdio.h(477) : 参见“_vsnwprintf”的声明
         C:\Program Files (x86)\Microsoft Visual Studio 12.0\VC\bin\CL.exe /c /Zi /nologo /W3 /WX- /Od /Oy- /D WIN32 /D _WINDOWS /D NDEBUG /D _UNICODE /D _UNICODE /D UNICODE /D _AFXDLL /Gm- /EHsc /MD /GS /fp:precise /Zc:wchar_t /Zc:forScope /Yu"stdafx.h" /Fp"../../../中间目录/登录服务器/Release_Unicode/LogonServer.pch" /Fo"../../../中间目录/登录服务器/Release_Unicode/" /Fd"../../../中间目录/登录服务器/Release_Unicode/vc120.pdb" /Gd /TP /analyze- /errorReport:prompt AttemperEngineSink.cpp DataBaseEngineSink.cpp FlashAccredit.cpp GamePropertyListManager.cpp InitParameter.cpp LogonServer.cpp LogonServerDlg.cpp ServerListManager.cpp ServiceUnits.cpp
         AttemperEngineSink.cpp
     1>AttemperEngineSink.cpp(149): warning C4996: 'inet_addr': Use inet_pton() or InetPton() instead or define _WINSOCK_DEPRECATED_NO_WARNINGS to disable deprecated API warnings
                 C:\Program Files (x86)\Windows Kits\8.1\Include\um\winsock2.h(1850) : 参见“inet_addr”的声明
     1>AttemperEngineSink.cpp(306): warning C4996: '_snwprintf': This function or variable may be unsafe. Consider using _snwprintf_s instead. To disable deprecation, use _CRT_SECURE_NO_WARNINGS. See online help for details.
                 C:\Program Files (x86)\Microsoft Visual Studio 12.0\VC\include\wchar.h(733) : 参见“_snwprintf”的声明
     1>AttemperEngineSink.cpp(7690): warning C4018: “<”: 有符号/无符号不匹配
     1>AttemperEngineSink.cpp(7715): warning C4018: “<”: 有符号/无符号不匹配
     1>AttemperEngineSink.cpp(7739): warning C4018: “<”: 有符号/无符号不匹配
         DataBaseEngineSink.cpp
     1>DataBaseEngineSink.cpp(4546): warning C4244: “=”: 从“LONGLONG”转换到“int”，可能丢失数据
         FlashAccredit.cpp
         GamePropertyListManager.cpp
         InitParameter.cpp
         LogonServer.cpp
         LogonServerDlg.cpp
         ServerListManager.cpp
         ServiceUnits.cpp
         正在生成代码...
       ResourceCompile:
         C:\Program Files (x86)\Windows Kits\8.1\bin\x86\rc.exe /D NDEBUG /D _UNICODE /D UNICODE /D _AFXDLL /l"0x0804" /I"../../../中间目录/登录服务器/Release_Unicode/" /nologo /fo"../../../中间目录/登录服务器/Release_Unicode/LogonServer.res" LogonServer.rc 
       Link:
         C:\Program Files (x86)\Microsoft Visual Studio 12.0\VC\bin\link.exe /ERRORREPORT:PROMPT /OUT:"../../../运行/Release/Unicode/LogonServer.exe" /INCREMENTAL:NO /NOLOGO /MANIFEST /MANIFESTUAC:"level='asInvoker' uiAccess='false'" /manifest:embed /manifestinput:"C:\Program Files (x86)\Microsoft Visual Studio 12.0\VC\Include\Manifest\dpiaware.manifest" /DEBUG /PDB:"../../../中间目录/登录服务器/Release_Unicode/LogonServer.pdb" /SUBSYSTEM:WINDOWS /OPT:REF /OPT:ICF /TLBID:1 /ENTRY:"wWinMainCRTStartup" /DYNAMICBASE /NXCOMPAT /IMPLIB:"../../../运行/Release/Unicode/LogonServer.lib" /MACHINE:X86 /SAFESEH "../../../中间目录/登录服务器/Release_Unicode/LogonServer.res"
         "../../../中间目录/登录服务器/Release_Unicode/Log.obj"
         "../../../中间目录/登录服务器/Release_Unicode/AttemperEngineSink.obj"
         "../../../中间目录/登录服务器/Release_Unicode/DataBaseEngineSink.obj"
         "../../../中间目录/登录服务器/Release_Unicode/FlashAccredit.obj"
         "../../../中间目录/登录服务器/Release_Unicode/GamePropertyListManager.obj"
         "../../../中间目录/登录服务器/Release_Unicode/InitParameter.obj"
         "../../../中间目录/登录服务器/Release_Unicode/LogonServer.obj"
         "../../../中间目录/登录服务器/Release_Unicode/LogonServerDlg.obj"
         "../../../中间目录/登录服务器/Release_Unicode/ServerListManager.obj"
         "../../../中间目录/登录服务器/Release_Unicode/ServiceUnits.obj"
         "../../../中间目录/登录服务器/Release_Unicode/Stdafx.obj"
         LogonServer.vcxproj -> D:\BaiduNetdiskDownload\藏宝库新大联盟\server\系统模块\服务器组件\登录服务器\../../../运行/Release/Unicode/LogonServer.exe
       PostBuildEvent:
         mkdir ..\..\..\发布组件\服务器组件\Release\Unicode
         copy /y ..\..\..\运行\Release\Unicode\LogonServer.exe ..\..\..\发布组件\服务器组件\Release\Unicode\LogonServer.exe
         
         :VCEnd
         子目录或文件 ..\..\..\发布组件\服务器组件\Release\Unicode 已经存在。
         已复制         1 个文件。
     1>已完成生成项目“D:\BaiduNetdiskDownload\藏宝库新大联盟\server\系统模块\服务器组件\登录服务器\LogonServer.vcxproj”(Build 个目标)的操作。

生成成功。

已用时间 00:00:08.33
