e:\laok\服务端\中间目录\约战服务\release_unicode\personalroomservice.pch
e:\laok\服务端\中间目录\约战服务\release_unicode\vc140.pdb
e:\laok\服务端\中间目录\约战服务\release_unicode\stdafx.obj
e:\laok\服务端\中间目录\约战服务\release_unicode\log.obj
e:\laok\服务端\中间目录\约战服务\release_unicode\tableframehook.obj
e:\laok\服务端\中间目录\约战服务\release_unicode\personalroomservicemanager.obj
e:\laok\服务端\中间目录\约战服务\release_unicode\personalroomserver.obj
e:\laok\服务端\中间目录\约战服务\release_unicode\personalroomgame.obj
e:\laok\服务端\运行\release\unicode\personalroomservice.dll
e:\laok\服务端\运行\release\unicode\personalroomservice.map
e:\laok\服务端\中间目录\约战服务\release_unicode\personalroomservice.pdb
e:\laok\服务端\中间目录\约战服务\release_unicode\personalroomserver.res
e:\laok\服务端\系统模块\链接库\unicode\personalroomservice.lib
e:\laok\服务端\系统模块\链接库\unicode\personalroomservice.exp
d:\qijianban\laok\服务端\中间目录\约战服务\release_unicode\msado15.tli
d:\qijianban\laok\服务端\中间目录\约战服务\release_unicode\msado15.tlh
d:\qijianban\laok\服务端\中间目录\约战服务\release_unicode\personalroomserver.res
d:\qijianban\laok\服务端\系统模块\服务器组件\约战服务\../../../运行/release/unicode/personalroomservice.dll
d:\qijianban\laok\服务端\中间目录\约战服务\release_unicode\约战服务.tlog\cl.command.1.tlog
d:\qijianban\laok\服务端\中间目录\约战服务\release_unicode\约战服务.tlog\cl.read.1.tlog
d:\qijianban\laok\服务端\中间目录\约战服务\release_unicode\约战服务.tlog\cl.write.1.tlog
d:\qijianban\laok\服务端\中间目录\约战服务\release_unicode\约战服务.tlog\link.command.1.tlog
d:\qijianban\laok\服务端\中间目录\约战服务\release_unicode\约战服务.tlog\link.read.1.tlog
d:\qijianban\laok\服务端\中间目录\约战服务\release_unicode\约战服务.tlog\link.write.1.tlog
d:\qijianban\laok\服务端\中间目录\约战服务\release_unicode\约战服务.tlog\rc.command.1.tlog
d:\qijianban\laok\服务端\中间目录\约战服务\release_unicode\约战服务.tlog\rc.read.1.tlog
d:\qijianban\laok\服务端\中间目录\约战服务\release_unicode\约战服务.tlog\rc.write.1.tlog
d:\qijianban\laok\服务端\中间目录\约战服务\release_unicode\约战服务.tlog\约战服务.write.1u.tlog
