  Stdafx.cpp
  ServiceUnits.cpp
g:\svn\dlm\服务端\系统模块\全局定义\module.h(235): warning C4477: “_snwprintf_s”: 格式字符串“%s”需要类型“wchar_t *”的参数，但可变参数 1 拥有了类型“CHAR *”
  g:\svn\dlm\服务端\系统模块\全局定义\module.h(235): note: 请考虑在格式字符串中使用“%hs”
  g:\svn\dlm\服务端\系统模块\全局定义\module.h(235): note: 请考虑在格式字符串中使用“%Ts”
  g:\svn\dlm\服务端\系统模块\全局定义\module.h(235): note: 如果需要 C99 标准语义，请考虑定义 _CRT_STDIO_ISO_WIDE_SPECIFIERS
  g:\svn\dlm\服务端\系统模块\全局定义\module.h(212): note: 编译类 模板 成员函数“bool CTempldateHelper<ITimerEngine>::CreateInstance(void)”时
  g:\svn\dlm\服务端\系统模块\服务器组件\聊天服务器\serviceunits.cpp(138): note: 参见对正在编译的函数 模板 实例化“bool CTempldateHelper<ITimerEngine>::CreateInstance(void)”的引用
  d:\program files (x86)\microsoft visual studio 14.0\vc\atlmfc\include\afxtempl.h(965): note: 编译类 模板 成员函数“POSITION CList<IControlSiteFactory *,IControlSiteFactory *>::AddTail(ARG_TYPE)”时
          with
          [
              ARG_TYPE=IControlSiteFactory *
          ]
  d:\program files (x86)\microsoft visual studio 14.0\vc\atlmfc\include\afxtempl.h(1196): note: 参见对正在编译的函数 模板 实例化“POSITION CList<IControlSiteFactory *,IControlSiteFactory *>::AddTail(ARG_TYPE)”的引用
          with
          [
              ARG_TYPE=IControlSiteFactory *
          ]
  d:\program files (x86)\microsoft visual studio 14.0\vc\atlmfc\include\afxtempl.h(878): note: 编译类 模板 成员函数“CList<IControlSiteFactory *,IControlSiteFactory *>::~CList(void)”时
  d:\program files (x86)\microsoft visual studio 14.0\vc\atlmfc\include\afxocc.h(64): note: 参见对正在编译的类 模板 实例化“CList<IControlSiteFactory *,IControlSiteFactory *>”的引用
g:\svn\dlm\服务端\系统模块\全局定义\module.h(243): warning C4477: “_snwprintf_s”: 格式字符串“%s”需要类型“wchar_t *”的参数，但可变参数 1 拥有了类型“CHAR *”
  g:\svn\dlm\服务端\系统模块\全局定义\module.h(243): note: 请考虑在格式字符串中使用“%hs”
  g:\svn\dlm\服务端\系统模块\全局定义\module.h(243): note: 请考虑在格式字符串中使用“%Ts”
  g:\svn\dlm\服务端\系统模块\全局定义\module.h(243): note: 如果需要 C99 标准语义，请考虑定义 _CRT_STDIO_ISO_WIDE_SPECIFIERS
g:\svn\dlm\服务端\系统模块\全局定义\module.h(254): warning C4477: “_snwprintf_s”: 格式字符串“%s”需要类型“wchar_t *”的参数，但可变参数 1 拥有了类型“CHAR *”
  g:\svn\dlm\服务端\系统模块\全局定义\module.h(254): note: 请考虑在格式字符串中使用“%hs”
  g:\svn\dlm\服务端\系统模块\全局定义\module.h(254): note: 请考虑在格式字符串中使用“%Ts”
  g:\svn\dlm\服务端\系统模块\全局定义\module.h(254): note: 如果需要 C99 标准语义，请考虑定义 _CRT_STDIO_ISO_WIDE_SPECIFIERS
  ServerUserManager.cpp
  InitParameter.cpp
  DataBaseEngineSink.cpp
g:\svn\dlm\服务端\系统模块\全局定义\module.h(235): warning C4477: “_snwprintf_s”: 格式字符串“%s”需要类型“wchar_t *”的参数，但可变参数 1 拥有了类型“CHAR *”
  g:\svn\dlm\服务端\系统模块\全局定义\module.h(235): note: 请考虑在格式字符串中使用“%hs”
  g:\svn\dlm\服务端\系统模块\全局定义\module.h(235): note: 请考虑在格式字符串中使用“%Ts”
  g:\svn\dlm\服务端\系统模块\全局定义\module.h(235): note: 如果需要 C99 标准语义，请考虑定义 _CRT_STDIO_ISO_WIDE_SPECIFIERS
  g:\svn\dlm\服务端\系统模块\全局定义\module.h(212): note: 编译类 模板 成员函数“bool CTempldateHelper<IDataBase>::CreateInstance(void)”时
  g:\svn\dlm\服务端\系统模块\服务器组件\聊天服务器\databaseenginesink.cpp(43): note: 参见对正在编译的函数 模板 实例化“bool CTempldateHelper<IDataBase>::CreateInstance(void)”的引用
  d:\program files (x86)\microsoft visual studio 14.0\vc\atlmfc\include\afxtempl.h(965): note: 编译类 模板 成员函数“POSITION CList<IControlSiteFactory *,IControlSiteFactory *>::AddTail(ARG_TYPE)”时
          with
          [
              ARG_TYPE=IControlSiteFactory *
          ]
  d:\program files (x86)\microsoft visual studio 14.0\vc\atlmfc\include\afxtempl.h(1196): note: 参见对正在编译的函数 模板 实例化“POSITION CList<IControlSiteFactory *,IControlSiteFactory *>::AddTail(ARG_TYPE)”的引用
          with
          [
              ARG_TYPE=IControlSiteFactory *
          ]
  d:\program files (x86)\microsoft visual studio 14.0\vc\atlmfc\include\afxtempl.h(878): note: 编译类 模板 成员函数“CList<IControlSiteFactory *,IControlSiteFactory *>::~CList(void)”时
  d:\program files (x86)\microsoft visual studio 14.0\vc\atlmfc\include\afxocc.h(64): note: 参见对正在编译的类 模板 实例化“CList<IControlSiteFactory *,IControlSiteFactory *>”的引用
g:\svn\dlm\服务端\系统模块\全局定义\module.h(243): warning C4477: “_snwprintf_s”: 格式字符串“%s”需要类型“wchar_t *”的参数，但可变参数 1 拥有了类型“CHAR *”
  g:\svn\dlm\服务端\系统模块\全局定义\module.h(243): note: 请考虑在格式字符串中使用“%hs”
  g:\svn\dlm\服务端\系统模块\全局定义\module.h(243): note: 请考虑在格式字符串中使用“%Ts”
  g:\svn\dlm\服务端\系统模块\全局定义\module.h(243): note: 如果需要 C99 标准语义，请考虑定义 _CRT_STDIO_ISO_WIDE_SPECIFIERS
g:\svn\dlm\服务端\系统模块\全局定义\module.h(254): warning C4477: “_snwprintf_s”: 格式字符串“%s”需要类型“wchar_t *”的参数，但可变参数 1 拥有了类型“CHAR *”
  g:\svn\dlm\服务端\系统模块\全局定义\module.h(254): note: 请考虑在格式字符串中使用“%hs”
  g:\svn\dlm\服务端\系统模块\全局定义\module.h(254): note: 请考虑在格式字符串中使用“%Ts”
  g:\svn\dlm\服务端\系统模块\全局定义\module.h(254): note: 如果需要 C99 标准语义，请考虑定义 _CRT_STDIO_ISO_WIDE_SPECIFIERS
  ChatServerDlg.cpp
  ChatServer.cpp
  AttemperEngineSink.cpp
  正在生成代码...
AttemperEngineSink.obj : warning LNK4075: 忽略“/EDITANDCONTINUE”(由于“/SAFESEH”规范)
  ChatServer.vcxproj -> G:\SVN\DLM\服务端\系统模块\服务器组件\聊天服务器\../../../运行/Debug/Unicode/ChatServer.exe
  ChatServer.vcxproj -> ../../../中间目录/聊天服务器/Debug_Unicode/ChatServer.pdb (Full PDB)
  子目录或文件 ..\..\..\发布组件\服务器组件\Debug\Unicode 已经存在。
  已复制         1 个文件。
