d:\qijianban\laok\服务端\游戏组件\老k子游戏\红中麻将\ai服务\release\androidservice.lib
d:\qijianban\laok\服务端\游戏组件\老k子游戏\红中麻将\ai服务\release\androidservice.exp
d:\qijianban\laok\服务端\中间目录\游戏组件\新广东麻将\机器人组件\release_unicode\sparrowhzhandroid.pch
d:\qijianban\laok\服务端\中间目录\游戏组件\新广东麻将\机器人组件\release_unicode\vc140.pdb
d:\qijianban\laok\服务端\中间目录\游戏组件\新广东麻将\机器人组件\release_unicode\stdafx.obj
d:\qijianban\laok\服务端\中间目录\游戏组件\新广东麻将\机器人组件\release_unicode\gamelogic.obj
d:\qijianban\laok\服务端\中间目录\游戏组件\新广东麻将\机器人组件\release_unicode\androiduseritemsink.obj
d:\qijianban\laok\服务端\中间目录\游戏组件\新广东麻将\机器人组件\release_unicode\androidservicemanager.obj
d:\qijianban\laok\服务端\中间目录\游戏组件\新广东麻将\机器人组件\release_unicode\androidservice.obj
d:\qijianban\laok\服务端\中间目录\游戏组件\新广东麻将\机器人组件\release_unicode\androidai.obj
d:\qijianban\laok\服务端\运行\release\unicode\sparrowhzhandroid.dll
d:\qijianban\laok\服务端\运行\release\unicode\sparrowhzhandroid.pdb
d:\qijianban\laok\服务端\中间目录\游戏组件\新广东麻将\机器人组件\release_unicode\androidservice.res
d:\qijianban\laok\服务端\中间目录\游戏组件\新广东麻将\机器人组件\release_unicode\flash.tli
d:\qijianban\laok\服务端\中间目录\游戏组件\新广东麻将\机器人组件\release_unicode\msado15.tli
d:\qijianban\laok\服务端\中间目录\游戏组件\新广东麻将\机器人组件\release_unicode\flash.tlh
d:\qijianban\laok\服务端\中间目录\游戏组件\新广东麻将\机器人组件\release_unicode\msado15.tlh
d:\qijianban\laok\服务端\中间目录\游戏组件\新广东麻将\机器人组件\release_unicode\ai服务.tlog\ai服务.write.1u.tlog
d:\qijianban\laok\服务端\中间目录\游戏组件\新广东麻将\机器人组件\release_unicode\ai服务.tlog\cl.command.1.tlog
d:\qijianban\laok\服务端\中间目录\游戏组件\新广东麻将\机器人组件\release_unicode\ai服务.tlog\cl.read.1.tlog
d:\qijianban\laok\服务端\中间目录\游戏组件\新广东麻将\机器人组件\release_unicode\ai服务.tlog\cl.write.1.tlog
d:\qijianban\laok\服务端\中间目录\游戏组件\新广东麻将\机器人组件\release_unicode\ai服务.tlog\link.command.1.tlog
d:\qijianban\laok\服务端\中间目录\游戏组件\新广东麻将\机器人组件\release_unicode\ai服务.tlog\link.read.1.tlog
d:\qijianban\laok\服务端\中间目录\游戏组件\新广东麻将\机器人组件\release_unicode\ai服务.tlog\link.write.1.tlog
d:\qijianban\laok\服务端\中间目录\游戏组件\新广东麻将\机器人组件\release_unicode\ai服务.tlog\rc.command.1.tlog
d:\qijianban\laok\服务端\中间目录\游戏组件\新广东麻将\机器人组件\release_unicode\ai服务.tlog\rc.read.1.tlog
d:\qijianban\laok\服务端\中间目录\游戏组件\新广东麻将\机器人组件\release_unicode\ai服务.tlog\rc.write.1.tlog
