生成启动时间为 2020/11/2 5:04:41。
     1>项目“D:\BaiduNetdiskDownload\藏宝库新大联盟\server\系统模块\服务器组件\约战服务器\PersonalRoomCorrespond.vcxproj”在节点 5 上(Build 个目标)。
     1>ClCompile:
         C:\Program Files (x86)\Microsoft Visual Studio 12.0\VC\bin\CL.exe /c /Zi /nologo /W3 /WX- /Od /Oy- /D WIN32 /D _WINDOWS /D NDEBUG /D _UNICODE /D _UNICODE /D UNICODE /D _AFXDLL /Gm- /EHsc /MD /GS /fp:precise /Zc:wchar_t /Zc:forScope /Yc"stdafx.h" /Fp"../../../中间目录/约战服务器/Release_Unicode/PersonalRoomCorrespond.pch" /Fo"../../../中间目录/约战服务器/Release_Unicode/" /Fd"../../../中间目录/约战服务器/Release_Unicode/vc120.pdb" /Gd /TP /analyze- /errorReport:prompt Stdafx.cpp
         Stdafx.cpp
     1>d:\baidunetdiskdownload\藏宝库新大联盟\server\系统模块\服务器组件\约战服务器\..\..\全局定义\Log.h(76): warning C4996: '_vsnwprintf': This function or variable may be unsafe. Consider using _vsnwprintf_s instead. To disable deprecation, use _CRT_SECURE_NO_WARNINGS. See online help for details.
                 C:\Program Files (x86)\Microsoft Visual Studio 12.0\VC\include\wchar.h(733) : 参见“_vsnwprintf”的声明
     1>d:\baidunetdiskdownload\藏宝库新大联盟\server\系统模块\服务器组件\游戏服务\AndroidUserItem.h(235): warning C4244: “return”: 从“WORD”转换到“BYTE”，可能丢失数据
         C:\Program Files (x86)\Microsoft Visual Studio 12.0\VC\bin\CL.exe /c /Zi /nologo /W3 /WX- /Od /Oy- /D WIN32 /D _WINDOWS /D NDEBUG /D _UNICODE /D _UNICODE /D UNICODE /D _AFXDLL /Gm- /EHsc /MD /GS /fp:precise /Zc:wchar_t /Zc:forScope /Yu"stdafx.h" /Fp"../../../中间目录/约战服务器/Release_Unicode/PersonalRoomCorrespond.pch" /Fo"../../../中间目录/约战服务器/Release_Unicode/" /Fd"../../../中间目录/约战服务器/Release_Unicode/vc120.pdb" /Gd /TP /analyze- /errorReport:prompt AttemperEngineSink.cpp CorrespondServer.cpp CorrespondServerDlg.cpp GlobalInfoManager.cpp InitParameter.cpp ServiceUnits.cpp
         AttemperEngineSink.cpp
     1>AttemperEngineSink.cpp(749): warning C4244: “参数”: 从“DWORD”转换到“WORD”，可能丢失数据
     1>AttemperEngineSink.cpp(1887): warning C4244: “参数”: 从“DWORD”转换到“WORD”，可能丢失数据
     1>AttemperEngineSink.cpp(1900): warning C4244: “参数”: 从“DWORD”转换到“WORD”，可能丢失数据
     1>AttemperEngineSink.cpp(1923): warning C4244: “参数”: 从“DWORD”转换到“WORD”，可能丢失数据
         CorrespondServer.cpp
         CorrespondServerDlg.cpp
         GlobalInfoManager.cpp
         InitParameter.cpp
         ServiceUnits.cpp
         正在生成代码...
       ResourceCompile:
         C:\Program Files (x86)\Windows Kits\8.1\bin\x86\rc.exe /D NDEBUG /D _UNICODE /D UNICODE /D _AFXDLL /l"0x0804" /I"../../../中间目录/约战服务器/Release_Unicode/" /nologo /fo"../../../中间目录/约战服务器/Release_Unicode/Correspond.res" Correspond.rc 
       Link:
         C:\Program Files (x86)\Microsoft Visual Studio 12.0\VC\bin\link.exe /ERRORREPORT:PROMPT /OUT:"../../../运行/Release/Unicode/PersonalRoomCorrespond.exe" /INCREMENTAL:NO /NOLOGO /MANIFEST /MANIFESTUAC:"level='asInvoker' uiAccess='false'" /manifest:embed /manifestinput:"C:\Program Files (x86)\Microsoft Visual Studio 12.0\VC\Include\Manifest\dpiaware.manifest" /DEBUG /PDB:"../../../中间目录/约战服务器/Release_Unicode/PersonalRoomCorrespond.pdb" /SUBSYSTEM:WINDOWS /OPT:REF /OPT:ICF /TLBID:1 /ENTRY:"wWinMainCRTStartup" /DYNAMICBASE /NXCOMPAT /IMPLIB:"../../../运行/Release/Unicode/PersonalRoomCorrespond.lib" /MACHINE:X86 /SAFESEH "../../../中间目录/约战服务器/Release_Unicode/Correspond.res"
         "../../../中间目录/约战服务器/Release_Unicode/AttemperEngineSink.obj"
         "../../../中间目录/约战服务器/Release_Unicode/CorrespondServer.obj"
         "../../../中间目录/约战服务器/Release_Unicode/CorrespondServerDlg.obj"
         "../../../中间目录/约战服务器/Release_Unicode/GlobalInfoManager.obj"
         "../../../中间目录/约战服务器/Release_Unicode/InitParameter.obj"
         "../../../中间目录/约战服务器/Release_Unicode/ServiceUnits.obj"
         "../../../中间目录/约战服务器/Release_Unicode/Stdafx.obj"
         PersonalRoomCorrespond.vcxproj -> D:\BaiduNetdiskDownload\藏宝库新大联盟\server\系统模块\服务器组件\约战服务器\../../../运行/Release/Unicode/PersonalRoomCorrespond.exe
       PostBuildEvent:
         mkdir ..\..\..\发布组件\服务器组件\Release\Unicode
         copy /y ..\..\..\运行\Release\Unicode\PersonalRoomCorrespond.exe ..\..\..\发布组件\服务器组件\Release\Unicode\PersonalRoomCorrespond.exe
         
         :VCEnd
         子目录或文件 ..\..\..\发布组件\服务器组件\Release\Unicode 已经存在。
         已复制         1 个文件。
     1>已完成生成项目“D:\BaiduNetdiskDownload\藏宝库新大联盟\server\系统模块\服务器组件\约战服务器\PersonalRoomCorrespond.vcxproj”(Build 个目标)的操作。

生成成功。

已用时间 00:00:05.73
