e:\laok\服务端\中间目录\服务核心\release_unicode\servicecore.pch
e:\laok\服务端\中间目录\服务核心\release_unicode\vc140.pdb
e:\laok\服务端\中间目录\服务核心\release_unicode\stdafx.obj
e:\laok\服务端\中间目录\服务核心\release_unicode\whthread.obj
e:\laok\服务端\中间目录\服务核心\release_unicode\whsha1.obj
e:\laok\服务端\中间目录\服务核心\release_unicode\whservice.obj
e:\laok\服务端\中间目录\服务核心\release_unicode\whregkey.obj
e:\laok\服务端\中间目录\服务核心\release_unicode\whmd5checksum.obj
e:\laok\服务端\中间目录\服务核心\release_unicode\whinidata.obj
e:\laok\服务端\中间目录\服务核心\release_unicode\whencrypt.obj
e:\laok\服务端\中间目录\服务核心\release_unicode\whdataqueue.obj
e:\laok\服务端\中间目录\服务核心\release_unicode\whdatalocker.obj
e:\laok\服务端\中间目录\服务核心\release_unicode\whcommandline.obj
e:\laok\服务端\中间目录\服务核心\release_unicode\whbase64.obj
e:\laok\服务端\中间目录\服务核心\release_unicode\servicecore.obj
e:\laok\服务端\运行\release\unicode\servicecore.dll
e:\laok\服务端\中间目录\服务核心\release_unicode\servicecore.pdb
e:\laok\服务端\中间目录\服务核心\release_unicode\servicecore.res
e:\laok\服务端\系统模块\链接库\unicode\servicecore.lib
e:\laok\服务端\系统模块\链接库\unicode\servicecore.exp
d:\qijianban\laok\服务端\中间目录\服务核心\release_unicode\servicecore.res
d:\qijianban\laok\服务端\系统模块\公共组件\服务核心\../../../运行/release/unicode/servicecore.dll
d:\qijianban\laok\服务端\中间目录\服务核心\release_unicode\服务核心.tlog\cl.command.1.tlog
d:\qijianban\laok\服务端\中间目录\服务核心\release_unicode\服务核心.tlog\cl.read.1.tlog
d:\qijianban\laok\服务端\中间目录\服务核心\release_unicode\服务核心.tlog\cl.write.1.tlog
d:\qijianban\laok\服务端\中间目录\服务核心\release_unicode\服务核心.tlog\link.command.1.tlog
d:\qijianban\laok\服务端\中间目录\服务核心\release_unicode\服务核心.tlog\link.read.1.tlog
d:\qijianban\laok\服务端\中间目录\服务核心\release_unicode\服务核心.tlog\link.write.1.tlog
d:\qijianban\laok\服务端\中间目录\服务核心\release_unicode\服务核心.tlog\rc.command.1.tlog
d:\qijianban\laok\服务端\中间目录\服务核心\release_unicode\服务核心.tlog\rc.read.1.tlog
d:\qijianban\laok\服务端\中间目录\服务核心\release_unicode\服务核心.tlog\rc.write.1.tlog
d:\qijianban\laok\服务端\中间目录\服务核心\release_unicode\服务核心.tlog\服务核心.write.1u.tlog
