  Stdafx.cpp
d:\program files (x86)\microsoft visual studio 14.0\vc\atlmfc\include\atlplus.h(26): warning C4467: 已弃用 ATL 属性的使用情况
  WHThread.cpp
  WHSha1.cpp
  WHService.cpp
  WHRegKey.cpp
  WHMD5CheckSum.cpp
  WHIniData.cpp
  WHEncrypt.cpp
  WHDataQueue.cpp
  WHDataLocker.cpp
  WHCommandLine.cpp
  WHBase64.cpp
  ServiceCore.cpp
  正在生成代码...
  LINK : 缺少程序数据库 G:\SVN\DLM\服务端\中间目录\服务核心\Debug_Unicode\ServiceCoreD.pdb；正在执行完全链接
ServiceCore.obj : warning LNK4075: 忽略“/EDITANDCONTINUE”(由于“/SAFESEH”规范)
    正在创建库 ../../链接库/Unicode/ServiceCoreD.lib 和对象 ../../链接库/Unicode/ServiceCoreD.exp
ZLibD.lib(Adler32.obj) : warning LNK4099: 未找到 PDB“vc70.pdb”(使用“ZLibD.lib(Adler32.obj)”或在“G:\SVN\DLM\服务端\中间目录\服务核心\Debug_Unicode\vc70.pdb”中寻找)；正在链接对象，如同没有调试信息一样
ZLibD.lib(Compress.obj) : warning LNK4099: 未找到 PDB“vc70.pdb”(使用“ZLibD.lib(Compress.obj)”或在“G:\SVN\DLM\服务端\中间目录\服务核心\Debug_Unicode\vc70.pdb”中寻找)；正在链接对象，如同没有调试信息一样
ZLibD.lib(Deflate.obj) : warning LNK4099: 未找到 PDB“vc70.pdb”(使用“ZLibD.lib(Deflate.obj)”或在“G:\SVN\DLM\服务端\中间目录\服务核心\Debug_Unicode\vc70.pdb”中寻找)；正在链接对象，如同没有调试信息一样
ZLibD.lib(Infblock.obj) : warning LNK4099: 未找到 PDB“vc70.pdb”(使用“ZLibD.lib(Infblock.obj)”或在“G:\SVN\DLM\服务端\中间目录\服务核心\Debug_Unicode\vc70.pdb”中寻找)；正在链接对象，如同没有调试信息一样
ZLibD.lib(Infcodes.obj) : warning LNK4099: 未找到 PDB“vc70.pdb”(使用“ZLibD.lib(Infcodes.obj)”或在“G:\SVN\DLM\服务端\中间目录\服务核心\Debug_Unicode\vc70.pdb”中寻找)；正在链接对象，如同没有调试信息一样
ZLibD.lib(Inffast.obj) : warning LNK4099: 未找到 PDB“vc70.pdb”(使用“ZLibD.lib(Inffast.obj)”或在“G:\SVN\DLM\服务端\中间目录\服务核心\Debug_Unicode\vc70.pdb”中寻找)；正在链接对象，如同没有调试信息一样
ZLibD.lib(Inflate.obj) : warning LNK4099: 未找到 PDB“vc70.pdb”(使用“ZLibD.lib(Inflate.obj)”或在“G:\SVN\DLM\服务端\中间目录\服务核心\Debug_Unicode\vc70.pdb”中寻找)；正在链接对象，如同没有调试信息一样
ZLibD.lib(Inftrees.obj) : warning LNK4099: 未找到 PDB“vc70.pdb”(使用“ZLibD.lib(Inftrees.obj)”或在“G:\SVN\DLM\服务端\中间目录\服务核心\Debug_Unicode\vc70.pdb”中寻找)；正在链接对象，如同没有调试信息一样
ZLibD.lib(Infutil.obj) : warning LNK4099: 未找到 PDB“vc70.pdb”(使用“ZLibD.lib(Infutil.obj)”或在“G:\SVN\DLM\服务端\中间目录\服务核心\Debug_Unicode\vc70.pdb”中寻找)；正在链接对象，如同没有调试信息一样
ZLibD.lib(Trees.obj) : warning LNK4099: 未找到 PDB“vc70.pdb”(使用“ZLibD.lib(Trees.obj)”或在“G:\SVN\DLM\服务端\中间目录\服务核心\Debug_Unicode\vc70.pdb”中寻找)；正在链接对象，如同没有调试信息一样
ZLibD.lib(Uncompr.obj) : warning LNK4099: 未找到 PDB“vc70.pdb”(使用“ZLibD.lib(Uncompr.obj)”或在“G:\SVN\DLM\服务端\中间目录\服务核心\Debug_Unicode\vc70.pdb”中寻找)；正在链接对象，如同没有调试信息一样
ZLibD.lib(Zutil.obj) : warning LNK4099: 未找到 PDB“vc70.pdb”(使用“ZLibD.lib(Zutil.obj)”或在“G:\SVN\DLM\服务端\中间目录\服务核心\Debug_Unicode\vc70.pdb”中寻找)；正在链接对象，如同没有调试信息一样
  ServiceCore.vcxproj -> G:\SVN\DLM\服务端\系统模块\公共组件\服务核心\../../../运行/Debug/Unicode/ServiceCoreD.dll
  ServiceCore.vcxproj -> ../../../中间目录/服务核心/Debug_Unicode/ServiceCoreD.pdb (Full PDB)
  子目录或文件 ..\..\..\发布组件\服务器组件\Debug\Unicode 已经存在。
  已复制         1 个文件。
