e:\laok\服务端\中间目录\模块管理\release_unicode\modulemanager.pch
e:\laok\服务端\中间目录\模块管理\release_unicode\vc140.pdb
e:\laok\服务端\中间目录\模块管理\release_unicode\stdafx.obj
e:\laok\服务端\中间目录\模块管理\release_unicode\serverlistcontrol.obj
e:\laok\服务端\中间目录\模块管理\release_unicode\serverinfomanager.obj
e:\laok\服务端\中间目录\模块管理\release_unicode\servercustomrule.obj
e:\laok\服务端\中间目录\模块管理\release_unicode\modulemanager.obj
e:\laok\服务端\中间目录\模块管理\release_unicode\modulelistcontrol.obj
e:\laok\服务端\中间目录\模块管理\release_unicode\moduleinfomanager.obj
e:\laok\服务端\中间目录\模块管理\release_unicode\moduledbparameter.obj
e:\laok\服务端\中间目录\模块管理\release_unicode\matchlistcontrol.obj
e:\laok\服务端\中间目录\模块管理\release_unicode\matchinfomanager.obj
e:\laok\服务端\中间目录\模块管理\release_unicode\listcontrol.obj
e:\laok\服务端\中间目录\模块管理\release_unicode\dlgserverwizard.obj
e:\laok\服务端\中间目录\模块管理\release_unicode\dlgservermatch.obj
e:\laok\服务端\中间目录\模块管理\release_unicode\dlgserveritem.obj
e:\laok\服务端\中间目录\模块管理\release_unicode\dlgmatchwizard.obj
e:\laok\服务端\运行\release\unicode\modulemanager.dll
e:\laok\服务端\中间目录\模块管理\release_unicode\modulemanager.pdb
e:\laok\服务端\中间目录\模块管理\release_unicode\modulemanager.res
e:\laok\服务端\系统模块\链接库\unicode\modulemanager.lib
e:\laok\服务端\系统模块\链接库\unicode\modulemanager.exp
d:\qijianban\laok\服务端\中间目录\模块管理\release_unicode\msado15.tli
d:\qijianban\laok\服务端\中间目录\模块管理\release_unicode\msado15.tlh
d:\qijianban\laok\服务端\中间目录\模块管理\release_unicode\modulemanager.res
d:\qijianban\laok\服务端\系统模块\服务器组件\模块管理\../../../运行/release/unicode/modulemanager.dll
d:\qijianban\laok\服务端\中间目录\模块管理\release_unicode\模块管理.tlog\cl.command.1.tlog
d:\qijianban\laok\服务端\中间目录\模块管理\release_unicode\模块管理.tlog\cl.read.1.tlog
d:\qijianban\laok\服务端\中间目录\模块管理\release_unicode\模块管理.tlog\cl.write.1.tlog
d:\qijianban\laok\服务端\中间目录\模块管理\release_unicode\模块管理.tlog\link.command.1.tlog
d:\qijianban\laok\服务端\中间目录\模块管理\release_unicode\模块管理.tlog\link.read.1.tlog
d:\qijianban\laok\服务端\中间目录\模块管理\release_unicode\模块管理.tlog\link.write.1.tlog
d:\qijianban\laok\服务端\中间目录\模块管理\release_unicode\模块管理.tlog\rc.command.1.tlog
d:\qijianban\laok\服务端\中间目录\模块管理\release_unicode\模块管理.tlog\rc.read.1.tlog
d:\qijianban\laok\服务端\中间目录\模块管理\release_unicode\模块管理.tlog\rc.write.1.tlog
d:\qijianban\laok\服务端\中间目录\模块管理\release_unicode\模块管理.tlog\模块管理.write.1u.tlog
