  Stdafx.cpp
g:\svn\dlm\服务端\系统模块\服务器组件\游戏服务\androiduseritem.h(235): warning C4244: “return”: 从“WORD”转换到“BYTE”，可能丢失数据
  Log.cpp
  TableFrameHook.cpp
  PersonalRoomServiceManager.cpp
  PersonalRoomServer.cpp
  PersonalRoomGame.cpp
g:\svn\dlm\服务端\系统模块\服务器组件\约战服务\personalroomgame.cpp(1159): warning C4244: “参数”: 从“DWORD”转换到“WORD”，可能丢失数据
g:\svn\dlm\服务端\系统模块\服务器组件\约战服务\personalroomgame.cpp(1161): warning C4244: “参数”: 从“DWORD”转换到“WORD”，可能丢失数据
g:\svn\dlm\服务端\系统模块\服务器组件\约战服务\personalroomgame.cpp(1175): warning C4244: “=”: 从“DWORD”转换到“WORD”，可能丢失数据
g:\svn\dlm\服务端\系统模块\服务器组件\约战服务\personalroomgame.cpp(1799): warning C4244: “=”: 从“DWORD”转换到“WORD”，可能丢失数据
g:\svn\dlm\服务端\系统模块\服务器组件\约战服务\personalroomgame.cpp(1800): warning C4244: “=”: 从“DWORD”转换到“WORD”，可能丢失数据
g:\svn\dlm\服务端\系统模块\服务器组件\约战服务\personalroomgame.cpp(2096): warning C4244: “=”: 从“DWORD”转换到“WORD”，可能丢失数据
g:\svn\dlm\服务端\系统模块\服务器组件\约战服务\personalroomgame.cpp(2097): warning C4244: “=”: 从“DWORD”转换到“WORD”，可能丢失数据
  正在生成代码...
Log.obj : warning LNK4075: 忽略“/EDITANDCONTINUE”(由于“/SAFESEH”规范)
    正在创建库 ../../链接库/Unicode/PersonalRoomServiceD.lib 和对象 ../../链接库/Unicode/PersonalRoomServiceD.exp
  PersonalRoomServer.vcxproj -> G:\SVN\DLM\服务端\系统模块\服务器组件\约战服务\../../../运行/Debug/Unicode/PersonalRoomServiceD.dll
  PersonalRoomServer.vcxproj -> ../../../中间目录/约战服务/Debug_Unicode/PersonalRoomServiceD.pdb (Full PDB)
  子目录或文件 ..\..\..\发布组件\服务器组件\Debug\Unicode 已经存在。
  已复制         1 个文件。
