  Stdafx.cpp
d:\program files (x86)\microsoft visual studio 14.0\vc\atlmfc\include\atlplus.h(26): warning C4467: 已弃用 ATL 属性的使用情况
g:\svn\dlm\服务端\游戏组件\开发库\include\androiduseritem.h(235): warning C4244: “return”: 从“WORD”转换到“BYTE”，可能丢失数据
g:\svn\dlm\服务端\游戏组件\开发库\include\core\uimanager.h(45): warning C4091: “typedef ”: 没有声明变量时忽略“EVENTTYPE_UI”的左侧
  TableFrameSink.cpp
d:\program files (x86)\microsoft visual studio 14.0\vc\atlmfc\include\atlplus.h(26): warning C4467: 已弃用 ATL 属性的使用情况
g:\svn\dlm\服务端\游戏组件\开发库\include\androiduseritem.h(235): warning C4244: “return”: 从“WORD”转换到“BYTE”，可能丢失数据
g:\svn\dlm\服务端\游戏组件\开发库\include\core\uimanager.h(45): warning C4091: “typedef ”: 没有声明变量时忽略“EVENTTYPE_UI”的左侧
g:\svn\dlm\服务端\游戏组件\官方游戏\百人牛牛\服务器组件\tableframesink.cpp(1952): warning C4477: “_snwprintf_s”: 格式字符串“%d”需要类型“int”的参数，但可变参数 2 拥有了类型“LONGLONG”
  g:\svn\dlm\服务端\游戏组件\官方游戏\百人牛牛\服务器组件\tableframesink.cpp(1952): note: 请考虑在格式字符串中使用“%lld”
  g:\svn\dlm\服务端\游戏组件\官方游戏\百人牛牛\服务器组件\tableframesink.cpp(1952): note: 请考虑在格式字符串中使用“%I64d”
g:\svn\dlm\服务端\游戏组件\官方游戏\百人牛牛\服务器组件\tableframesink.cpp(3548): warning C4477: “_snwprintf_s”: 格式字符串“%d”需要类型“int”的参数，但可变参数 2 拥有了类型“LONGLONG”
  g:\svn\dlm\服务端\游戏组件\官方游戏\百人牛牛\服务器组件\tableframesink.cpp(3548): note: 请考虑在格式字符串中使用“%lld”
  g:\svn\dlm\服务端\游戏组件\官方游戏\百人牛牛\服务器组件\tableframesink.cpp(3548): note: 请考虑在格式字符串中使用“%I64d”
g:\svn\dlm\服务端\游戏组件\官方游戏\百人牛牛\服务器组件\tableframesink.cpp(4896): warning C4477: “_snwprintf_s”: 格式字符串“%d”需要类型“int”的参数，但可变参数 1 拥有了类型“LONGLONG”
  g:\svn\dlm\服务端\游戏组件\官方游戏\百人牛牛\服务器组件\tableframesink.cpp(4896): note: 请考虑在格式字符串中使用“%lld”
  g:\svn\dlm\服务端\游戏组件\官方游戏\百人牛牛\服务器组件\tableframesink.cpp(4896): note: 请考虑在格式字符串中使用“%I64d”
  HistoryScore.cpp
d:\program files (x86)\microsoft visual studio 14.0\vc\atlmfc\include\atlplus.h(26): warning C4467: 已弃用 ATL 属性的使用情况
g:\svn\dlm\服务端\游戏组件\开发库\include\androiduseritem.h(235): warning C4244: “return”: 从“WORD”转换到“BYTE”，可能丢失数据
g:\svn\dlm\服务端\游戏组件\开发库\include\core\uimanager.h(45): warning C4091: “typedef ”: 没有声明变量时忽略“EVENTTYPE_UI”的左侧
  GameServiceManager.cpp
d:\program files (x86)\microsoft visual studio 14.0\vc\atlmfc\include\atlplus.h(26): warning C4467: 已弃用 ATL 属性的使用情况
g:\svn\dlm\服务端\游戏组件\开发库\include\androiduseritem.h(235): warning C4244: “return”: 从“WORD”转换到“BYTE”，可能丢失数据
g:\svn\dlm\服务端\游戏组件\开发库\include\core\uimanager.h(45): warning C4091: “typedef ”: 没有声明变量时忽略“EVENTTYPE_UI”的左侧
  GameServer.cpp
d:\program files (x86)\microsoft visual studio 14.0\vc\atlmfc\include\atlplus.h(26): warning C4467: 已弃用 ATL 属性的使用情况
g:\svn\dlm\服务端\游戏组件\开发库\include\androiduseritem.h(235): warning C4244: “return”: 从“WORD”转换到“BYTE”，可能丢失数据
g:\svn\dlm\服务端\游戏组件\开发库\include\core\uimanager.h(45): warning C4091: “typedef ”: 没有声明变量时忽略“EVENTTYPE_UI”的左侧
  GameLogic.cpp
d:\program files (x86)\microsoft visual studio 14.0\vc\atlmfc\include\atlplus.h(26): warning C4467: 已弃用 ATL 属性的使用情况
g:\svn\dlm\服务端\游戏组件\开发库\include\androiduseritem.h(235): warning C4244: “return”: 从“WORD”转换到“BYTE”，可能丢失数据
g:\svn\dlm\服务端\游戏组件\开发库\include\core\uimanager.h(45): warning C4091: “typedef ”: 没有声明变量时忽略“EVENTTYPE_UI”的左侧
  DlgCustomRule.cpp
d:\program files (x86)\microsoft visual studio 14.0\vc\atlmfc\include\atlplus.h(26): warning C4467: 已弃用 ATL 属性的使用情况
g:\svn\dlm\服务端\游戏组件\开发库\include\androiduseritem.h(235): warning C4244: “return”: 从“WORD”转换到“BYTE”，可能丢失数据
g:\svn\dlm\服务端\游戏组件\开发库\include\core\uimanager.h(45): warning C4091: “typedef ”: 没有声明变量时忽略“EVENTTYPE_UI”的左侧
  正在生成代码...
DlgCustomRule.obj : warning LNK4075: 忽略“/EDITANDCONTINUE”(由于“/SAFESEH”规范)
    正在创建库 ../../../../运行/Debug/Unicode/GameServer.lib 和对象 ../../../../运行/Debug/Unicode/GameServer.exp
  GameServer.vcxproj -> G:\SVN\DLM\服务端\游戏组件\官方游戏\百人牛牛\服务器组件\../../../../运行/Debug/Unicode/OxBattleServer.dll
  GameServer.vcxproj -> ../../../../运行/Debug/Unicode/OxBattleServer.pdb (Full PDB)
  子目录或文件 ..\..\..\发布组件\服务器组件\Debug\Unicode 已经存在。
  已复制         1 个文件。
