  Stdafx.cpp
g:\svn\dlm\服务端\系统模块\服务器组件\游戏服务\androiduseritem.h(235): warning C4244: “return”: 从“WORD”转换到“BYTE”，可能丢失数据
  Log.cpp
  ServiceUnits.cpp
g:\svn\dlm\服务端\系统模块\全局定义\module.h(235): warning C4477: “_snwprintf_s”: 格式字符串“%s”需要类型“wchar_t *”的参数，但可变参数 1 拥有了类型“CHAR *”
  g:\svn\dlm\服务端\系统模块\全局定义\module.h(235): note: 请考虑在格式字符串中使用“%hs”
  g:\svn\dlm\服务端\系统模块\全局定义\module.h(235): note: 请考虑在格式字符串中使用“%Ts”
  g:\svn\dlm\服务端\系统模块\全局定义\module.h(235): note: 如果需要 C99 标准语义，请考虑定义 _CRT_STDIO_ISO_WIDE_SPECIFIERS
  g:\svn\dlm\服务端\系统模块\全局定义\module.h(212): note: 编译类 模板 成员函数“bool CTempldateHelper<ITimerEngine>::CreateInstance(void)”时
  g:\svn\dlm\服务端\系统模块\服务器组件\大联盟机器人\serviceunits.cpp(185): note: 参见对正在编译的函数 模板 实例化“bool CTempldateHelper<ITimerEngine>::CreateInstance(void)”的引用
  d:\program files (x86)\microsoft visual studio 14.0\vc\atlmfc\include\afxtempl.h(1532): note: 编译类 模板 成员函数“CMap<INT,INT,tagGameDataItem *,tagGameDataItem *&>::CAssoc *CMap<INT,INT,tagGameDataItem *,tagGameDataItem *&>::GetAssocAt(ARG_KEY,UINT &,UINT &) const”时
          with
          [
              ARG_KEY=INT
          ]
  d:\program files (x86)\microsoft visual studio 14.0\vc\atlmfc\include\afxtempl.h(1590): note: 参见对正在编译的函数 模板 实例化“CMap<INT,INT,tagGameDataItem *,tagGameDataItem *&>::CAssoc *CMap<INT,INT,tagGameDataItem *,tagGameDataItem *&>::GetAssocAt(ARG_KEY,UINT &,UINT &) const”的引用
          with
          [
              ARG_KEY=INT
          ]
  d:\program files (x86)\microsoft visual studio 14.0\vc\atlmfc\include\afxtempl.h(1585): note: 编译类 模板 成员函数“tagGameDataItem *&CMap<INT,INT,tagGameDataItem *,tagGameDataItem *&>::operator [](ARG_KEY)”时
          with
          [
              ARG_KEY=INT
          ]
  d:\program files (x86)\microsoft visual studio 14.0\vc\atlmfc\include\afxtempl.h(1350): note: 参见对正在编译的函数 模板 实例化“tagGameDataItem *&CMap<INT,INT,tagGameDataItem *,tagGameDataItem *&>::operator [](ARG_KEY)”的引用
          with
          [
              ARG_KEY=INT
          ]
  d:\program files (x86)\microsoft visual studio 14.0\vc\atlmfc\include\afxtempl.h(1350): note: 编译类 模板 成员函数“void CMap<INT,INT,tagGameDataItem *,tagGameDataItem *&>::SetAt(ARG_KEY,ARG_VALUE)”时
          with
          [
              ARG_KEY=INT,
              ARG_VALUE=tagGameDataItem *&
          ]
  d:\program files (x86)\microsoft visual studio 14.0\vc\atlmfc\include\afxtempl.h(1786): note: 参见对正在编译的函数 模板 实例化“void CMap<INT,INT,tagGameDataItem *,tagGameDataItem *&>::SetAt(ARG_KEY,ARG_VALUE)”的引用
          with
          [
              ARG_KEY=INT,
              ARG_VALUE=tagGameDataItem *&
          ]
  d:\program files (x86)\microsoft visual studio 14.0\vc\atlmfc\include\afxtempl.h(1472): note: 编译类 模板 成员函数“CMap<INT,INT,tagGameDataItem *,tagGameDataItem *&>::~CMap(void)”时
  g:\svn\dlm\服务端\系统模块\服务器组件\游戏服务\serverusermanager.h(71): note: 参见对正在编译的类 模板 实例化“CMap<INT,INT,tagGameDataItem *,tagGameDataItem *&>”的引用
g:\svn\dlm\服务端\系统模块\全局定义\module.h(243): warning C4477: “_snwprintf_s”: 格式字符串“%s”需要类型“wchar_t *”的参数，但可变参数 1 拥有了类型“CHAR *”
  g:\svn\dlm\服务端\系统模块\全局定义\module.h(243): note: 请考虑在格式字符串中使用“%hs”
  g:\svn\dlm\服务端\系统模块\全局定义\module.h(243): note: 请考虑在格式字符串中使用“%Ts”
  g:\svn\dlm\服务端\系统模块\全局定义\module.h(243): note: 如果需要 C99 标准语义，请考虑定义 _CRT_STDIO_ISO_WIDE_SPECIFIERS
g:\svn\dlm\服务端\系统模块\全局定义\module.h(254): warning C4477: “_snwprintf_s”: 格式字符串“%s”需要类型“wchar_t *”的参数，但可变参数 1 拥有了类型“CHAR *”
  g:\svn\dlm\服务端\系统模块\全局定义\module.h(254): note: 请考虑在格式字符串中使用“%hs”
  g:\svn\dlm\服务端\系统模块\全局定义\module.h(254): note: 请考虑在格式字符串中使用“%Ts”
  g:\svn\dlm\服务端\系统模块\全局定义\module.h(254): note: 如果需要 C99 标准语义，请考虑定义 _CRT_STDIO_ISO_WIDE_SPECIFIERS
  ServerListManager.cpp
  InitParameter.cpp
  AIDistributeDlg.cpp
c:\program files (x86)\windows kits\8.1\include\um\imagehlp.h(1873): warning C4091: “typedef ”: 没有声明变量时忽略“”的左侧
c:\program files (x86)\windows kits\8.1\include\um\imagehlp.h(3519): warning C4091: “typedef ”: 没有声明变量时忽略“”的左侧
  AIDistribute.cpp
  AIManager.cpp
g:\svn\dlm\服务端\系统模块\服务器组件\大联盟机器人\aimanager.cpp(395): warning C4018: “>”: 有符号/无符号不匹配
g:\svn\dlm\服务端\系统模块\服务器组件\大联盟机器人\aimanager.cpp(502): warning C4018: “>”: 有符号/无符号不匹配
g:\svn\dlm\服务端\系统模块\服务器组件\大联盟机器人\aimanager.cpp(592): warning C4244: “参数”: 从“DWORD”转换到“WORD”，可能丢失数据
g:\svn\dlm\服务端\系统模块\服务器组件\大联盟机器人\aimanager.cpp(652): warning C4244: “参数”: 从“DWORD”转换到“WORD”，可能丢失数据
g:\svn\dlm\服务端\系统模块\服务器组件\大联盟机器人\aimanager.cpp(817): warning C4018: “>”: 有符号/无符号不匹配
g:\svn\dlm\服务端\系统模块\服务器组件\大联盟机器人\aimanager.cpp(852): warning C4018: “>=”: 有符号/无符号不匹配
g:\svn\dlm\服务端\系统模块\服务器组件\大联盟机器人\aimanager.cpp(865): warning C4018: “>=”: 有符号/无符号不匹配
g:\svn\dlm\服务端\系统模块\服务器组件\大联盟机器人\aimanager.cpp(889): warning C4018: “>”: 有符号/无符号不匹配
g:\svn\dlm\服务端\系统模块\服务器组件\大联盟机器人\aimanager.cpp(1338): warning C4244: “参数”: 从“DWORD”转换到“WORD”，可能丢失数据
  DBCorrespondManager.cpp
  DataBaseEngineSink.cpp
g:\svn\dlm\服务端\系统模块\服务器组件\大联盟机器人\databaseenginesink.cpp(297): warning C4002: “TEXT”宏的实参太多
g:\svn\dlm\服务端\系统模块\服务器组件\大联盟机器人\databaseenginesink.cpp(657): warning C4018: “<”: 有符号/无符号不匹配
g:\svn\dlm\服务端\系统模块\服务器组件\大联盟机器人\databaseenginesink.cpp(685): warning C4018: “<”: 有符号/无符号不匹配
g:\svn\dlm\服务端\系统模块\服务器组件\大联盟机器人\databaseenginesink.cpp(920): warning C4244: “=”: 从“DWORD”转换到“BYTE”，可能丢失数据
g:\svn\dlm\服务端\系统模块\全局定义\module.h(235): warning C4477: “_snwprintf_s”: 格式字符串“%s”需要类型“wchar_t *”的参数，但可变参数 1 拥有了类型“CHAR *”
  g:\svn\dlm\服务端\系统模块\全局定义\module.h(235): note: 请考虑在格式字符串中使用“%hs”
  g:\svn\dlm\服务端\系统模块\全局定义\module.h(235): note: 请考虑在格式字符串中使用“%Ts”
  g:\svn\dlm\服务端\系统模块\全局定义\module.h(235): note: 如果需要 C99 标准语义，请考虑定义 _CRT_STDIO_ISO_WIDE_SPECIFIERS
  g:\svn\dlm\服务端\系统模块\全局定义\module.h(212): note: 编译类 模板 成员函数“bool CTempldateHelper<IDataBase>::CreateInstance(void)”时
  g:\svn\dlm\服务端\系统模块\服务器组件\大联盟机器人\databaseenginesink.cpp(80): note: 参见对正在编译的函数 模板 实例化“bool CTempldateHelper<IDataBase>::CreateInstance(void)”的引用
  d:\program files (x86)\microsoft visual studio 14.0\vc\atlmfc\include\afxtempl.h(1532): note: 编译类 模板 成员函数“CMap<INT,INT,tagGameDataItem *,tagGameDataItem *&>::CAssoc *CMap<INT,INT,tagGameDataItem *,tagGameDataItem *&>::GetAssocAt(ARG_KEY,UINT &,UINT &) const”时
          with
          [
              ARG_KEY=INT
          ]
  d:\program files (x86)\microsoft visual studio 14.0\vc\atlmfc\include\afxtempl.h(1590): note: 参见对正在编译的函数 模板 实例化“CMap<INT,INT,tagGameDataItem *,tagGameDataItem *&>::CAssoc *CMap<INT,INT,tagGameDataItem *,tagGameDataItem *&>::GetAssocAt(ARG_KEY,UINT &,UINT &) const”的引用
          with
          [
              ARG_KEY=INT
          ]
  d:\program files (x86)\microsoft visual studio 14.0\vc\atlmfc\include\afxtempl.h(1585): note: 编译类 模板 成员函数“tagGameDataItem *&CMap<INT,INT,tagGameDataItem *,tagGameDataItem *&>::operator [](ARG_KEY)”时
          with
          [
              ARG_KEY=INT
          ]
  d:\program files (x86)\microsoft visual studio 14.0\vc\atlmfc\include\afxtempl.h(1350): note: 参见对正在编译的函数 模板 实例化“tagGameDataItem *&CMap<INT,INT,tagGameDataItem *,tagGameDataItem *&>::operator [](ARG_KEY)”的引用
          with
          [
              ARG_KEY=INT
          ]
  d:\program files (x86)\microsoft visual studio 14.0\vc\atlmfc\include\afxtempl.h(1350): note: 编译类 模板 成员函数“void CMap<INT,INT,tagGameDataItem *,tagGameDataItem *&>::SetAt(ARG_KEY,ARG_VALUE)”时
          with
          [
              ARG_KEY=INT,
              ARG_VALUE=tagGameDataItem *&
          ]
  d:\program files (x86)\microsoft visual studio 14.0\vc\atlmfc\include\afxtempl.h(1786): note: 参见对正在编译的函数 模板 实例化“void CMap<INT,INT,tagGameDataItem *,tagGameDataItem *&>::SetAt(ARG_KEY,ARG_VALUE)”的引用
          with
          [
              ARG_KEY=INT,
              ARG_VALUE=tagGameDataItem *&
          ]
  d:\program files (x86)\microsoft visual studio 14.0\vc\atlmfc\include\afxtempl.h(1472): note: 编译类 模板 成员函数“CMap<INT,INT,tagGameDataItem *,tagGameDataItem *&>::~CMap(void)”时
  g:\svn\dlm\服务端\系统模块\服务器组件\游戏服务\serverusermanager.h(71): note: 参见对正在编译的类 模板 实例化“CMap<INT,INT,tagGameDataItem *,tagGameDataItem *&>”的引用
g:\svn\dlm\服务端\系统模块\全局定义\module.h(243): warning C4477: “_snwprintf_s”: 格式字符串“%s”需要类型“wchar_t *”的参数，但可变参数 1 拥有了类型“CHAR *”
  g:\svn\dlm\服务端\系统模块\全局定义\module.h(243): note: 请考虑在格式字符串中使用“%hs”
  g:\svn\dlm\服务端\系统模块\全局定义\module.h(243): note: 请考虑在格式字符串中使用“%Ts”
  g:\svn\dlm\服务端\系统模块\全局定义\module.h(243): note: 如果需要 C99 标准语义，请考虑定义 _CRT_STDIO_ISO_WIDE_SPECIFIERS
g:\svn\dlm\服务端\系统模块\全局定义\module.h(254): warning C4477: “_snwprintf_s”: 格式字符串“%s”需要类型“wchar_t *”的参数，但可变参数 1 拥有了类型“CHAR *”
  g:\svn\dlm\服务端\系统模块\全局定义\module.h(254): note: 请考虑在格式字符串中使用“%hs”
  g:\svn\dlm\服务端\系统模块\全局定义\module.h(254): note: 请考虑在格式字符串中使用“%Ts”
  g:\svn\dlm\服务端\系统模块\全局定义\module.h(254): note: 如果需要 C99 标准语义，请考虑定义 _CRT_STDIO_ISO_WIDE_SPECIFIERS
  AttemperEngineSink.cpp
g:\svn\dlm\服务端\系统模块\服务器组件\大联盟机器人\attemperenginesink.cpp(1350): warning C4101: “wghtOutOption”: 未引用的局部变量
g:\svn\dlm\服务端\系统模块\服务器组件\大联盟机器人\attemperenginesink.cpp(1385): warning C4101: “wghtInRatio”: 未引用的局部变量
  正在生成代码...
Log.obj : warning LNK4075: 忽略“/EDITANDCONTINUE”(由于“/SAFESEH”规范)
  AndroidDitribute.vcxproj -> G:\SVN\DLM\服务端\系统模块\服务器组件\大联盟机器人\../../../运行/Debug/Unicode/AndroidDistribute.exe
  AndroidDitribute.vcxproj -> ../../../中间目录/游戏服务器/Debug_Unicode/AndroidDistribute.pdb (Full PDB)
  子目录或文件 ..\..\..\发布组件\服务器组件\Debug\Unicode 已经存在。
  已复制         1 个文件。
