生成启动时间为 2021/5/26 15:09:07。
     1>项目“D:\whdlm\server\系统模块\客户端组件\形象组件\AvatarControl.vcxproj”在节点 5 上(Build 个目标)。
     1>C:\Program Files (x86)\MSBuild\Microsoft.Cpp\v4.0\V120\Microsoft.CppBuild.targets(1193,5): warning MSB8012: TargetPath(D:\whdlm\server\系统模块\客户端组件\形象组件\Release\形象组件.dll) does not match the Linker's OutputFile property value (D:\whdlm\server\运行\Release\Ansi\AvatarControl.dll). This may cause your project to build incorrectly. To correct this, please make sure that $(OutDir), $(TargetName) and $(TargetExt) property values match the value specified in %(Link.OutputFile).
     1>C:\Program Files (x86)\MSBuild\Microsoft.Cpp\v4.0\V120\Microsoft.CppBuild.targets(1195,5): warning MSB8012: TargetName(形象组件) does not match the Linker's OutputFile property value (AvatarControl). This may cause your project to build incorrectly. To correct this, please make sure that $(OutDir), $(TargetName) and $(TargetExt) property values match the value specified in %(Link.OutputFile).
     1>Link:
         C:\Program Files (x86)\Microsoft Visual Studio 12.0\VC\bin\link.exe /ERRORREPORT:PROMPT /OUT:"../../../运行/Release/Ansi/AvatarControl.dll" /INCREMENTAL:NO /NOLOGO /DEF:".\AvatarControl.def" /MANIFEST /MANIFESTUAC:"level='asInvoker' uiAccess='false'" /manifest:embed /manifestinput:"C:\Program Files (x86)\Microsoft Visual Studio 12.0\VC\Include\Manifest\dpiaware.manifest" /DEBUG /PDB:"Release\形象组件.pdb" /SUBSYSTEM:WINDOWS /OPT:REF /OPT:ICF /TLBID:1 /DYNAMICBASE /NXCOMPAT /IMPLIB:"../../链接库/Ansi/AvatarControl.lib" /MACHINE:X86 /SAFESEH /DLL Release\AvatarControl.res
         Release\AvatarControl.obj
         Release\CameraControl.obj
         Release\CustomFaceManager.obj
         Release\FaceCustomControl.obj
         Release\FaceItemControl.obj
         Release\FaceItemView.obj
         Release\FaceSelectControl.obj
         Release\ImageEditorControl.obj
         Release\Stdafx.obj
            正在创建库 ../../链接库/Ansi/AvatarControl.lib 和对象 ../../链接库/Ansi/AvatarControl.exp
         AvatarControl.vcxproj -> D:\whdlm\server\系统模块\客户端组件\形象组件\Release\形象组件.dll
       PostBuildEvent:
         mkdir ..\..\..\发布组件\客户端组件\Release\Ansi
         copy /y ..\..\..\运行\Release\Ansi\形象组件.dll ..\..\..\发布组件\客户端组件\Release\Ansi\形象组件.dll
         
         :VCEnd
         子目录或文件 ..\..\..\发布组件\客户端组件\Release\Ansi 已经存在。
         系统找不到指定的文件。
     1>C:\Program Files (x86)\MSBuild\Microsoft.Cpp\v4.0\V120\Microsoft.CppCommon.targets(132,5): error MSB3073: 命令“mkdir ..\..\..\发布组件\客户端组件\Release\Ansi
C:\Program Files (x86)\MSBuild\Microsoft.Cpp\v4.0\V120\Microsoft.CppCommon.targets(132,5): error MSB3073: copy /y ..\..\..\运行\Release\Ansi\形象组件.dll ..\..\..\发布组件\客户端组件\Release\Ansi\形象组件.dll
C:\Program Files (x86)\MSBuild\Microsoft.Cpp\v4.0\V120\Microsoft.CppCommon.targets(132,5): error MSB3073: 
C:\Program Files (x86)\MSBuild\Microsoft.Cpp\v4.0\V120\Microsoft.CppCommon.targets(132,5): error MSB3073: :VCEnd”已退出，代码为 1。
     1>已完成生成项目“D:\whdlm\server\系统模块\客户端组件\形象组件\AvatarControl.vcxproj”(Build 个目标)的操作 - 失败。

生成失败。

已用时间 00:00:03.03
