  Stdafx.cpp
C:\Program Files (x86)\Microsoft Visual Studio 14.0\VC\atlmfc\include\atlplus.h(26): warning C4467: 已弃用 ATL 属性的使用情况
d:\qijianban\laok\服务端\游戏组件\开发库\include\AndroidUserItem.h(235): warning C4244: “return”: 从“WORD”转换到“BYTE”，可能丢失数据
d:\qijianban\laok\服务端\游戏组件\开发库\include\Core/UIManager.h(45): warning C4091: “typedef ”: 没有声明变量时忽略“EVENTTYPE_UI”的左侧
  DlgCustomRule.cpp
C:\Program Files (x86)\Microsoft Visual Studio 14.0\VC\atlmfc\include\atlplus.h(26): warning C4467: 已弃用 ATL 属性的使用情况
d:\qijianban\laok\服务端\游戏组件\开发库\include\AndroidUserItem.h(235): warning C4244: “return”: 从“WORD”转换到“BYTE”，可能丢失数据
d:\qijianban\laok\服务端\游戏组件\开发库\include\Core/UIManager.h(45): warning C4091: “typedef ”: 没有声明变量时忽略“EVENTTYPE_UI”的左侧
  GameLogic.cpp
C:\Program Files (x86)\Microsoft Visual Studio 14.0\VC\atlmfc\include\atlplus.h(26): warning C4467: 已弃用 ATL 属性的使用情况
d:\qijianban\laok\服务端\游戏组件\开发库\include\AndroidUserItem.h(235): warning C4244: “return”: 从“WORD”转换到“BYTE”，可能丢失数据
d:\qijianban\laok\服务端\游戏组件\开发库\include\Core/UIManager.h(45): warning C4091: “typedef ”: 没有声明变量时忽略“EVENTTYPE_UI”的左侧
  GameServer.cpp
C:\Program Files (x86)\Microsoft Visual Studio 14.0\VC\atlmfc\include\atlplus.h(26): warning C4467: 已弃用 ATL 属性的使用情况
d:\qijianban\laok\服务端\游戏组件\开发库\include\AndroidUserItem.h(235): warning C4244: “return”: 从“WORD”转换到“BYTE”，可能丢失数据
d:\qijianban\laok\服务端\游戏组件\开发库\include\Core/UIManager.h(45): warning C4091: “typedef ”: 没有声明变量时忽略“EVENTTYPE_UI”的左侧
  GameServiceManager.cpp
C:\Program Files (x86)\Microsoft Visual Studio 14.0\VC\atlmfc\include\atlplus.h(26): warning C4467: 已弃用 ATL 属性的使用情况
d:\qijianban\laok\服务端\游戏组件\开发库\include\AndroidUserItem.h(235): warning C4244: “return”: 从“WORD”转换到“BYTE”，可能丢失数据
d:\qijianban\laok\服务端\游戏组件\开发库\include\Core/UIManager.h(45): warning C4091: “typedef ”: 没有声明变量时忽略“EVENTTYPE_UI”的左侧
d:\qijianban\laok\服务端\游戏组件\开发库\include\Module.h(235): warning C4477: “_snwprintf_s”: 格式字符串“%s”需要类型“wchar_t *”的参数，但可变参数 1 拥有了类型“CHAR *”
  d:\qijianban\laok\服务端\游戏组件\开发库\include\Module.h(235): note: 请考虑在格式字符串中使用“%hs”
  d:\qijianban\laok\服务端\游戏组件\开发库\include\Module.h(235): note: 请考虑在格式字符串中使用“%Ts”
  d:\qijianban\laok\服务端\游戏组件\开发库\include\Module.h(235): note: 如果需要 C99 标准语义，请考虑定义 _CRT_STDIO_ISO_WIDE_SPECIFIERS
  d:\qijianban\laok\服务端\游戏组件\开发库\include\Module.h(212): note: 编译类 模板 成员函数“bool CTempldateHelper<IGameServiceManager>::CreateInstance(void)”时
  GameServiceManager.cpp(124): note: 参见对正在编译的函数 模板 实例化“bool CTempldateHelper<IGameServiceManager>::CreateInstance(void)”的引用
  d:\qijianban\laok\服务端\游戏组件\开发库\include\GameServiceHead.h(1918): note: 参见对正在编译的类 模板 实例化“CTempldateHelper<IGameServiceManager>”的引用
d:\qijianban\laok\服务端\游戏组件\开发库\include\Module.h(243): warning C4477: “_snwprintf_s”: 格式字符串“%s”需要类型“wchar_t *”的参数，但可变参数 1 拥有了类型“CHAR *”
  d:\qijianban\laok\服务端\游戏组件\开发库\include\Module.h(243): note: 请考虑在格式字符串中使用“%hs”
  d:\qijianban\laok\服务端\游戏组件\开发库\include\Module.h(243): note: 请考虑在格式字符串中使用“%Ts”
  d:\qijianban\laok\服务端\游戏组件\开发库\include\Module.h(243): note: 如果需要 C99 标准语义，请考虑定义 _CRT_STDIO_ISO_WIDE_SPECIFIERS
d:\qijianban\laok\服务端\游戏组件\开发库\include\Module.h(254): warning C4477: “_snwprintf_s”: 格式字符串“%s”需要类型“wchar_t *”的参数，但可变参数 1 拥有了类型“CHAR *”
  d:\qijianban\laok\服务端\游戏组件\开发库\include\Module.h(254): note: 请考虑在格式字符串中使用“%hs”
  d:\qijianban\laok\服务端\游戏组件\开发库\include\Module.h(254): note: 请考虑在格式字符串中使用“%Ts”
  d:\qijianban\laok\服务端\游戏组件\开发库\include\Module.h(254): note: 如果需要 C99 标准语义，请考虑定义 _CRT_STDIO_ISO_WIDE_SPECIFIERS
  HistoryScore.cpp
C:\Program Files (x86)\Microsoft Visual Studio 14.0\VC\atlmfc\include\atlplus.h(26): warning C4467: 已弃用 ATL 属性的使用情况
d:\qijianban\laok\服务端\游戏组件\开发库\include\AndroidUserItem.h(235): warning C4244: “return”: 从“WORD”转换到“BYTE”，可能丢失数据
d:\qijianban\laok\服务端\游戏组件\开发库\include\Core/UIManager.h(45): warning C4091: “typedef ”: 没有声明变量时忽略“EVENTTYPE_UI”的左侧
  TableFrameSink.cpp
C:\Program Files (x86)\Microsoft Visual Studio 14.0\VC\atlmfc\include\atlplus.h(26): warning C4467: 已弃用 ATL 属性的使用情况
d:\qijianban\laok\服务端\游戏组件\开发库\include\AndroidUserItem.h(235): warning C4244: “return”: 从“WORD”转换到“BYTE”，可能丢失数据
d:\qijianban\laok\服务端\游戏组件\开发库\include\Core/UIManager.h(45): warning C4091: “typedef ”: 没有声明变量时忽略“EVENTTYPE_UI”的左侧
  正在生成代码...
    正在创建库 ../../../../运行/Release/Unicode/GameServer.lib 和对象 ../../../../运行/Release/Unicode/GameServer.exp
  GameServer.vcxproj -> D:\qijianban\laok\服务端\游戏组件\老K子游戏\红中麻将\服务器组件\../../../../运行/Release/Unicode/SparrowHZHServer.dll
  GameServer.vcxproj -> ../../../../运行/Release/Unicode/SparrowHZHServer.pdb (Full PDB)
  子目录或文件 ..\..\..\发布组件\服务器组件\Release\Unicode\ 已经存在。
  已复制         1 个文件。
